#
# There is insufficient memory for the Java Runtime Environment to continue.
# Native memory allocation (malloc) failed to allocate 1963056 bytes for Chunk::new
# Possible reasons:
#   The system is out of physical RAM or swap space
#   The process is running with CompressedOops enabled, and the Java Heap may be blocking the growth of the native heap
# Possible solutions:
#   Reduce memory load on the system
#   Increase physical memory or swap space
#   Check if swap backing store is full
#   Decrease Java heap size (-Xmx/-Xms)
#   Decrease number of Java threads
#   Decrease Java thread stack sizes (-Xss)
#   Set larger code cache with -XX:ReservedCodeCacheSize=
#   JVM is running with Unscaled Compressed Oops mode in which the Java heap is
#     placed in the first 4GB address space. The Java Heap base address is the
#     maximum limit for the native heap growth. Please use -XX:HeapBaseMinAddress
#     to set the Java Heap base and to place the Java Heap above 4GB virtual address.
# This output file may be truncated or incomplete.
#
#  Out of Memory Error (arena.cpp:189), pid=13564, tid=11048
#
# JRE version: Java(TM) SE Runtime Environment (17.0.9+11) (build 17.0.9+11-LTS-201)
# Java VM: Java HotSpot(TM) 64-Bit Server VM (17.0.9+11-LTS-201, mixed mode, sharing, tiered, compressed oops, compressed class ptrs, g1 gc, windows-amd64)
# No core dump will be written. Minidumps are not enabled by default on client versions of Windows
#

---------------  S U M M A R Y ------------

Command Line: --add-opens=java.base/java.util=ALL-UNNAMED --add-opens=java.base/java.lang=ALL-UNNAMED --add-opens=java.base/java.lang.invoke=ALL-UNNAMED --add-opens=java.prefs/java.util.prefs=ALL-UNNAMED --add-opens=java.base/java.nio.charset=ALL-UNNAMED --add-opens=java.base/java.net=ALL-UNNAMED --add-opens=java.base/java.util.concurrent.atomic=ALL-UNNAMED -XX:MaxMetaspaceSize=384m -XX:+HeapDumpOnOutOfMemoryError -Xms256m -Xmx512m -Dfile.encoding=windows-1252 -Duser.country=GB -Duser.language=en -Duser.variant -javaagent:C:\gradle-8.4\wrapper\dists\gradle-8.2-bin\bbg7u40eoinfdyxsxr3z4i7ta\gradle-8.2\lib\agents\gradle-instrumentation-agent-8.2.jar org.gradle.launcher.daemon.bootstrap.GradleDaemon 8.2

Host: Intel(R) Core(TM) i7-8550U CPU @ 1.80GHz, 8 cores, 23G,  Windows 11 , 64 bit Build 22621 (10.0.22621.2428)
Time: Fri Nov  3 11:31:02 2023 E. Africa Standard Time elapsed time: 5904.999059 seconds (0d 1h 38m 24s)

---------------  T H R E A D  ---------------

Current thread (0x00000168e8e07000):  JavaThread "C2 CompilerThread2" daemon [_thread_in_native, id=11048, stack(0x0000004928900000,0x0000004928a00000)]


Current CompileTask:
C2:5904999 13790 %     4       org.gradle.api.internal.tasks.compile.incremental.deps.ClassSetAnalysisData::reduceToTypesAffecting @ 42 (578 bytes)

Stack: [0x0000004928900000,0x0000004928a00000]
Native frames: (J=compiled Java code, j=interpreted, Vv=VM code, C=native code)
V  [jvm.dll+0x678a4a]
V  [jvm.dll+0x7d9cfd]
V  [jvm.dll+0x7db60e]
V  [jvm.dll+0x7dbc73]
V  [jvm.dll+0x245e1f]
V  [jvm.dll+0xaaafb]
V  [jvm.dll+0xab09c]
V  [jvm.dll+0x36232f]
V  [jvm.dll+0x32ca01]
V  [jvm.dll+0x32be9a]
V  [jvm.dll+0x21812f]
V  [jvm.dll+0x217561]
V  [jvm.dll+0x1a3bc0]
V  [jvm.dll+0x2272de]
V  [jvm.dll+0x22548b]
V  [jvm.dll+0x78f58c]
V  [jvm.dll+0x78998a]
V  [jvm.dll+0x677875]
C  [ucrtbase.dll+0x29363]
C  [KERNEL32.DLL+0x1257d]
C  [ntdll.dll+0x5aa78]


---------------  P R O C E S S  ---------------

Threads class SMR info:
_java_thread_list=0x00000168ec523810, length=78, elements={
0x00000168b2bda9d0, 0x00000168cd4b13a0, 0x00000168cd4b3230, 0x00000168cd4cdd10,
0x00000168cd4ceb90, 0x00000168cd4cf960, 0x00000168cd4d2640, 0x00000168cd4d5020,
0x00000168cd4d8fd0, 0x00000168cd4da8f0, 0x00000168cd6df100, 0x00000168cd7ce7f0,
0x00000168e8d12cc0, 0x00000168cd887430, 0x00000168e77f78b0, 0x00000168e851a180,
0x00000168e851bad0, 0x00000168e851aba0, 0x00000168e851c4f0, 0x00000168e851ca00,
0x00000168e8b4f6e0, 0x00000168e8b4d370, 0x00000168e8b496b0, 0x00000168e8b4fbf0,
0x00000168e8b4ba20, 0x00000168e8b4aaf0, 0x00000168e8b4a5e0, 0x00000168e8b4d880,
0x00000168e8b4dd90, 0x00000168e8b491a0, 0x00000168e8b4a0d0, 0x00000168ec7763d0,
0x00000168ea5ad980, 0x00000168ec266de0, 0x00000168ea216400, 0x00000168e8b4b510,
0x00000168e8b48c90, 0x00000168e8b4e7b0, 0x00000168e8b4bf30, 0x00000168ea5ab610,
0x00000168ea5ade90, 0x00000168ea5ae3a0, 0x00000168ea5aabf0, 0x00000168ea5ab100,
0x00000168ea5abb20, 0x00000168ea5ad470, 0x00000168ea5ac030, 0x00000168ea5ac540,
0x00000168ea5aca50, 0x00000168ea5acf60, 0x00000168ec264560, 0x00000168e8e07aa0,
0x00000168ec2672f0, 0x00000168ec265eb0, 0x00000168ec2663c0, 0x00000168ec267800,
0x00000168ec264a70, 0x00000168ec264f80, 0x00000168ec2659a0, 0x00000168ec774570,
0x00000168ec776df0, 0x00000168ec777810, 0x00000168ec774a80, 0x00000168ec7754a0,
0x00000168ec774f90, 0x00000168ec775ec0, 0x00000168ec7759b0, 0x00000168ea2159e0,
0x00000168ea216910, 0x00000168ea219190, 0x00000168ea215ef0, 0x00000168ea217d50,
0x00000168ea216e20, 0x00000168ea217840, 0x00000168e8b4f1d0, 0x00000168e8e07000,
0x00000168e851b0b0, 0x00000168eb32bda0
}

Java Threads: ( => current thread )
  0x00000168b2bda9d0 JavaThread "main" [_thread_blocked, id=7924, stack(0x0000004923400000,0x0000004923500000)]
  0x00000168cd4b13a0 JavaThread "Reference Handler" daemon [_thread_blocked, id=14808, stack(0x0000004923b00000,0x0000004923c00000)]
  0x00000168cd4b3230 JavaThread "Finalizer" daemon [_thread_blocked, id=4004, stack(0x0000004923c00000,0x0000004923d00000)]
  0x00000168cd4cdd10 JavaThread "Signal Dispatcher" daemon [_thread_blocked, id=2496, stack(0x0000004923d00000,0x0000004923e00000)]
  0x00000168cd4ceb90 JavaThread "Attach Listener" daemon [_thread_blocked, id=6692, stack(0x0000004923e00000,0x0000004923f00000)]
  0x00000168cd4cf960 JavaThread "Service Thread" daemon [_thread_blocked, id=7616, stack(0x0000004923f00000,0x0000004924000000)]
  0x00000168cd4d2640 JavaThread "Monitor Deflation Thread" daemon [_thread_blocked, id=6480, stack(0x0000004924000000,0x0000004924100000)]
  0x00000168cd4d5020 JavaThread "C2 CompilerThread0" daemon [_thread_blocked, id=5748, stack(0x0000004924100000,0x0000004924200000)]
  0x00000168cd4d8fd0 JavaThread "C1 CompilerThread0" daemon [_thread_blocked, id=11472, stack(0x0000004924200000,0x0000004924300000)]
  0x00000168cd4da8f0 JavaThread "Sweeper thread" daemon [_thread_blocked, id=3904, stack(0x0000004924300000,0x0000004924400000)]
  0x00000168cd6df100 JavaThread "Common-Cleaner" daemon [_thread_blocked, id=2616, stack(0x0000004924400000,0x0000004924500000)]
  0x00000168cd7ce7f0 JavaThread "Notification Thread" daemon [_thread_blocked, id=8224, stack(0x0000004924500000,0x0000004924600000)]
  0x00000168e8d12cc0 JavaThread "Daemon health stats" [_thread_blocked, id=1636, stack(0x0000004924e00000,0x0000004924f00000)]
  0x00000168cd887430 JavaThread "Incoming local TCP Connector on port 50861" [_thread_in_native, id=3724, stack(0x0000004924700000,0x0000004924800000)]
  0x00000168e77f78b0 JavaThread "Daemon periodic checks" [_thread_blocked, id=11028, stack(0x0000004924800000,0x0000004924900000)]
  0x00000168e851a180 JavaThread "Cache worker for journal cache (C:\gradle-8.4\caches\journal-1)" [_thread_blocked, id=4684, stack(0x0000004925800000,0x0000004925900000)]
  0x00000168e851bad0 JavaThread "File lock request listener" [_thread_in_native, id=5156, stack(0x0000004925900000,0x0000004925a00000)]
  0x00000168e851aba0 JavaThread "Cache worker for file hash cache (C:\gradle-8.4\caches\8.2\fileHashes)" [_thread_blocked, id=10992, stack(0x0000004925a00000,0x0000004925b00000)]
  0x00000168e851c4f0 JavaThread "File watcher server" daemon [_thread_in_native, id=12376, stack(0x0000004925b00000,0x0000004925c00000)]
  0x00000168e851ca00 JavaThread "File watcher consumer" daemon [_thread_blocked, id=3820, stack(0x0000004925c00000,0x0000004925d00000)]
  0x00000168e8b4f6e0 JavaThread "Cache worker for file content cache (C:\gradle-8.4\caches\8.2\fileContent)" [_thread_blocked, id=12928, stack(0x0000004925f00000,0x0000004926000000)]
  0x00000168e8b4d370 JavaThread "Cache worker for execution history cache (C:\gradle-8.4\caches\8.2\executionHistory)" [_thread_blocked, id=3000, stack(0x0000004926500000,0x0000004926600000)]
  0x00000168e8b496b0 JavaThread "jar transforms" [_thread_blocked, id=7608, stack(0x0000004926600000,0x0000004926700000)]
  0x00000168e8b4fbf0 JavaThread "jar transforms Thread 2" [_thread_blocked, id=15084, stack(0x0000004926700000,0x0000004926800000)]
  0x00000168e8b4ba20 JavaThread "jar transforms Thread 3" [_thread_blocked, id=8348, stack(0x0000004926800000,0x0000004926900000)]
  0x00000168e8b4aaf0 JavaThread "jar transforms Thread 4" [_thread_blocked, id=11356, stack(0x0000004926900000,0x0000004926a00000)]
  0x00000168e8b4a5e0 JavaThread "Cache worker for kotlin-dsl (C:\gradle-8.4\caches\8.2\kotlin-dsl)" [_thread_blocked, id=2960, stack(0x0000004926a00000,0x0000004926b00000)]
  0x00000168e8b4d880 JavaThread "jar transforms Thread 5" [_thread_blocked, id=1536, stack(0x0000004926b00000,0x0000004926c00000)]
  0x00000168e8b4dd90 JavaThread "jar transforms Thread 6" [_thread_blocked, id=8468, stack(0x0000004926c00000,0x0000004926d00000)]
  0x00000168e8b491a0 JavaThread "jar transforms Thread 7" [_thread_blocked, id=8416, stack(0x0000004926f00000,0x0000004927000000)]
  0x00000168e8b4a0d0 JavaThread "jar transforms Thread 8" [_thread_blocked, id=8256, stack(0x0000004927000000,0x0000004927100000)]
  0x00000168ec7763d0 JavaThread "Memory manager" [_thread_blocked, id=1708, stack(0x0000004927100000,0x0000004927200000)]
  0x00000168ea5ad980 JavaThread "Cache worker for Java compile cache (C:\gradle-8.4\caches\8.2\javaCompile)" [_thread_blocked, id=5132, stack(0x0000004928400000,0x0000004928500000)]
  0x00000168ec266de0 JavaThread "Daemon worker Thread 3" [_thread_blocked, id=9472, stack(0x0000004924f00000,0x0000004925000000)]
  0x00000168ea216400 JavaThread "Exec process Thread 9" [_thread_in_native, id=6040, stack(0x0000004928b00000,0x0000004928c00000)]
  0x00000168e8b4b510 JavaThread "Exec process Thread 10" [_thread_blocked, id=8388, stack(0x0000004928d00000,0x0000004928e00000)]
  0x00000168e8b48c90 JavaThread "Exec process Thread 11" [_thread_in_native, id=15696, stack(0x0000004928e00000,0x0000004928f00000)]
  0x00000168e8b4e7b0 JavaThread "Exec process Thread 12" [_thread_in_native, id=15416, stack(0x0000004928f00000,0x0000004929000000)]
  0x00000168e8b4bf30 JavaThread "Daemon Thread 5" [_thread_blocked, id=16912, stack(0x0000004923300000,0x0000004923400000)]
  0x00000168ea5ab610 JavaThread "included builds" [_thread_blocked, id=15500, stack(0x0000004926400000,0x0000004926500000)]
  0x00000168ea5ade90 JavaThread "Handler for socket connection from /127.0.0.1:50861 to /127.0.0.1:52780" [_thread_in_native, id=13584, stack(0x0000004923100000,0x0000004923200000)]
  0x00000168ea5ae3a0 JavaThread "Cancel handler" [_thread_blocked, id=6192, stack(0x0000004923200000,0x0000004923300000)]
  0x00000168ea5aabf0 JavaThread "Asynchronous log dispatcher for DefaultDaemonConnection: socket connection from /127.0.0.1:50861 to /127.0.0.1:52780" [_thread_blocked, id=19132, stack(0x0000004925000000,0x0000004925100000)]
  0x00000168ea5ab100 JavaThread "Stdin handler" [_thread_blocked, id=9968, stack(0x0000004925100000,0x0000004925200000)]
  0x00000168ea5abb20 JavaThread "Daemon client event forwarder" [_thread_blocked, id=16964, stack(0x0000004925200000,0x0000004925300000)]
  0x00000168ea5ad470 JavaThread "Cache worker for checksums cache (D:\Goglotek\Development\ExamHelper\.gradle\8.2\checksums)" [_thread_blocked, id=19112, stack(0x0000004925300000,0x0000004925400000)]
  0x00000168ea5ac030 JavaThread "Cache worker for cache directory md-rule (C:\gradle-8.4\caches\8.2\md-rule)" [_thread_blocked, id=5484, stack(0x0000004925400000,0x0000004925500000)]
  0x00000168ea5ac540 JavaThread "Cache worker for file hash cache (D:\Goglotek\Development\ExamHelper\.gradle\8.2\fileHashes)" [_thread_blocked, id=16488, stack(0x0000004925500000,0x0000004925600000)]
  0x00000168ea5aca50 JavaThread "Cache worker for cache directory md-supplier (C:\gradle-8.4\caches\8.2\md-supplier)" [_thread_blocked, id=7732, stack(0x0000004925600000,0x0000004925700000)]
  0x00000168ea5acf60 JavaThread "Cache worker for dependencies-accessors (D:\Goglotek\Development\ExamHelper\.gradle\8.2\dependencies-accessors)" [_thread_blocked, id=284, stack(0x0000004925700000,0x0000004925800000)]
  0x00000168ec264560 JavaThread "Cache worker for Build Output Cleanup Cache (D:\Goglotek\Development\ExamHelper\.gradle\buildOutputCleanup)" [_thread_blocked, id=17008, stack(0x0000004925d00000,0x0000004925e00000)]
  0x00000168e8e07aa0 JavaThread "C2 CompilerThread1" daemon [_thread_blocked, id=17764, stack(0x0000004925e00000,0x0000004925f00000)]
  0x00000168ec2672f0 JavaThread "included builds" [_thread_blocked, id=12368, stack(0x0000004926300000,0x0000004926400000)]
  0x00000168ec265eb0 JavaThread "Execution worker" [_thread_blocked, id=17308, stack(0x0000004926d00000,0x0000004926e00000)]
  0x00000168ec2663c0 JavaThread "Execution worker Thread 2" [_thread_blocked, id=18688, stack(0x0000004926e00000,0x0000004926f00000)]
  0x00000168ec267800 JavaThread "Execution worker Thread 3" [_thread_blocked, id=14252, stack(0x0000004927400000,0x0000004927500000)]
  0x00000168ec264a70 JavaThread "Execution worker Thread 4" [_thread_blocked, id=13380, stack(0x0000004927500000,0x0000004927600000)]
  0x00000168ec264f80 JavaThread "Execution worker Thread 5" [_thread_blocked, id=15708, stack(0x0000004927600000,0x0000004927700000)]
  0x00000168ec2659a0 JavaThread "Execution worker Thread 6" [_thread_blocked, id=16800, stack(0x0000004927700000,0x0000004927800000)]
  0x00000168ec774570 JavaThread "Execution worker Thread 7" [_thread_blocked, id=1904, stack(0x0000004927800000,0x0000004927900000)]
  0x00000168ec776df0 JavaThread "Cache worker for execution history cache (D:\Goglotek\Development\ExamHelper\.gradle\8.2\executionHistory)" [_thread_blocked, id=12268, stack(0x0000004927900000,0x0000004927a00000)]
  0x00000168ec777810 JavaThread "Unconstrained build operations" [_thread_blocked, id=1676, stack(0x0000004927a00000,0x0000004927b00000)]
  0x00000168ec774a80 JavaThread "Unconstrained build operations Thread 2" [_thread_blocked, id=1152, stack(0x0000004927b00000,0x0000004927c00000)]
  0x00000168ec7754a0 JavaThread "Unconstrained build operations Thread 3" [_thread_blocked, id=280, stack(0x0000004927c00000,0x0000004927d00000)]
  0x00000168ec774f90 JavaThread "Unconstrained build operations Thread 4" [_thread_blocked, id=17184, stack(0x0000004927d00000,0x0000004927e00000)]
  0x00000168ec775ec0 JavaThread "Unconstrained build operations Thread 5" [_thread_blocked, id=16712, stack(0x0000004927e00000,0x0000004927f00000)]
  0x00000168ec7759b0 JavaThread "Unconstrained build operations Thread 6" [_thread_blocked, id=17468, stack(0x0000004927f00000,0x0000004928000000)]
  0x00000168ea2159e0 JavaThread "Unconstrained build operations Thread 7" [_thread_blocked, id=13948, stack(0x0000004928000000,0x0000004928100000)]
  0x00000168ea216910 JavaThread "Build operations" [_thread_blocked, id=960, stack(0x0000004928100000,0x0000004928200000)]
  0x00000168ea219190 JavaThread "Build operations Thread 2" [_thread_blocked, id=17012, stack(0x0000004928200000,0x0000004928300000)]
  0x00000168ea215ef0 JavaThread "Build operations Thread 3" [_thread_blocked, id=18948, stack(0x0000004928300000,0x0000004928400000)]
  0x00000168ea217d50 JavaThread "Build operations Thread 4" [_thread_blocked, id=6260, stack(0x0000004928500000,0x0000004928600000)]
  0x00000168ea216e20 JavaThread "Build operations Thread 5" [_thread_blocked, id=17548, stack(0x0000004928600000,0x0000004928700000)]
  0x00000168ea217840 JavaThread "Build operations Thread 6" [_thread_blocked, id=17760, stack(0x0000004928700000,0x0000004928800000)]
  0x00000168e8b4f1d0 JavaThread "Build operations Thread 7" [_thread_blocked, id=19376, stack(0x0000004928800000,0x0000004928900000)]
=>0x00000168e8e07000 JavaThread "C2 CompilerThread2" daemon [_thread_in_native, id=11048, stack(0x0000004928900000,0x0000004928a00000)]
  0x00000168e851b0b0 JavaThread "Unconstrained build operations Thread 8" [_thread_blocked, id=1048, stack(0x0000004928a00000,0x0000004928b00000)]
  0x00000168eb32bda0 JavaThread "DisconnectableInputStream source reader" daemon [_thread_blocked, id=12028, stack(0x0000004928c00000,0x0000004928d00000)]

Other Threads:
  0x00000168cd4ad7a0 VMThread "VM Thread" [stack: 0x0000004923a00000,0x0000004923b00000] [id=14308]
  0x00000168cd7d00f0 WatcherThread [stack: 0x0000004924600000,0x0000004924700000] [id=5856]
  0x00000168b2c06f70 GCTaskThread "GC Thread#0" [stack: 0x0000004923500000,0x0000004923600000] [id=5204]
  0x00000168e7177a60 GCTaskThread "GC Thread#1" [stack: 0x0000004924900000,0x0000004924a00000] [id=10384]
  0x00000168e76a8270 GCTaskThread "GC Thread#2" [stack: 0x0000004924a00000,0x0000004924b00000] [id=2060]
  0x00000168e711ff60 GCTaskThread "GC Thread#3" [stack: 0x0000004924b00000,0x0000004924c00000] [id=10768]
  0x00000168e7120220 GCTaskThread "GC Thread#4" [stack: 0x0000004924c00000,0x0000004924d00000] [id=9992]
  0x00000168e71204e0 GCTaskThread "GC Thread#5" [stack: 0x0000004924d00000,0x0000004924e00000] [id=11084]
  0x00000168e950b230 GCTaskThread "GC Thread#6" [stack: 0x0000004926000000,0x0000004926100000] [id=2972]
  0x00000168e9509ef0 GCTaskThread "GC Thread#7" [stack: 0x0000004926100000,0x0000004926200000] [id=13940]
  0x00000168b2c0e2e0 ConcurrentGCThread "G1 Main Marker" [stack: 0x0000004923600000,0x0000004923700000] [id=3104]
  0x00000168b2c0ecf0 ConcurrentGCThread "G1 Conc#0" [stack: 0x0000004923700000,0x0000004923800000] [id=1008]
  0x00000168e950b7b0 ConcurrentGCThread "G1 Conc#1" [stack: 0x0000004926200000,0x0000004926300000] [id=4644]
  0x00000168cd3720d0 ConcurrentGCThread "G1 Refine#0" [stack: 0x0000004923800000,0x0000004923900000] [id=15020]
  0x00000168eba59360 ConcurrentGCThread "G1 Refine#1" [stack: 0x0000004927200000,0x0000004927300000] [id=11716]
  0x00000168eba584b0 ConcurrentGCThread "G1 Refine#2" [stack: 0x0000004927300000,0x0000004927400000] [id=11848]
  0x00000168cd372b00 ConcurrentGCThread "G1 Service" [stack: 0x0000004923900000,0x0000004923a00000] [id=3044]

Threads with active compile tasks:
C2 CompilerThread2  5905044 13790 %     4       org.gradle.api.internal.tasks.compile.incremental.deps.ClassSetAnalysisData::reduceToTypesAffecting @ 42 (578 bytes)

VM state: not at safepoint (normal execution)

VM Mutex/Monitor currently owned by a thread: None

Heap address: 0x00000000e0000000, size: 512 MB, Compressed Oops mode: 32-bit

CDS archive(s) mapped at: [0x00000168ce000000-0x00000168cebd0000-0x00000168cebd0000), size 12386304, SharedBaseAddress: 0x00000168ce000000, ArchiveRelocationMode: 1.
Compressed class space mapped at: 0x00000168cf000000-0x00000168e3000000, reserved size: 335544320
Narrow klass base: 0x00000168ce000000, Narrow klass shift: 0, Narrow klass range: 0x100000000

GC Precious Log:
 CPUs: 8 total, 8 available
 Memory: 23987M
 Large Page Support: Disabled
 NUMA Support: Disabled
 Compressed Oops: Enabled (32-bit)
 Heap Region Size: 1M
 Heap Min Capacity: 256M
 Heap Initial Capacity: 256M
 Heap Max Capacity: 512M
 Pre-touch: Disabled
 Parallel Workers: 8
 Concurrent Workers: 2
 Concurrent Refinement Workers: 8
 Periodic GC: Disabled

Heap:
 garbage-first heap   total 262144K, used 138817K [0x00000000e0000000, 0x0000000100000000)
  region size 1024K, 92 young (94208K), 13 survivors (13312K)
 Metaspace       used 69729K, committed 70464K, reserved 393216K
  class space    used 9391K, committed 9728K, reserved 327680K

Heap Regions: E=young(eden), S=young(survivor), O=old, HS=humongous(starts), HC=humongous(continues), CS=collection set, F=free, OA=open archive, CA=closed archive, TAMS=top-at-mark-start (previous, next)
|   0|0x00000000e0000000, 0x00000000e0100000, 0x00000000e0100000|100%|HS|  |TAMS 0x00000000e0100000, 0x00000000e0000000| Complete 
|   1|0x00000000e0100000, 0x00000000e0200000, 0x00000000e0200000|100%|HC|  |TAMS 0x00000000e0200000, 0x00000000e0100000| Complete 
|   2|0x00000000e0200000, 0x00000000e0300000, 0x00000000e0300000|100%|HC|  |TAMS 0x00000000e0300000, 0x00000000e0200000| Complete 
|   3|0x00000000e0300000, 0x00000000e0400000, 0x00000000e0400000|100%|HC|  |TAMS 0x00000000e0400000, 0x00000000e0300000| Complete 
|   4|0x00000000e0400000, 0x00000000e0500000, 0x00000000e0500000|100%| O|  |TAMS 0x00000000e0500000, 0x00000000e0400000| Untracked 
|   5|0x00000000e0500000, 0x00000000e0600000, 0x00000000e0600000|100%| O|  |TAMS 0x00000000e0600000, 0x00000000e0500000| Untracked 
|   6|0x00000000e0600000, 0x00000000e0700000, 0x00000000e0700000|100%| O|  |TAMS 0x00000000e0700000, 0x00000000e0600000| Untracked 
|   7|0x00000000e0700000, 0x00000000e0800000, 0x00000000e0800000|100%| O|  |TAMS 0x00000000e0800000, 0x00000000e0700000| Untracked 
|   8|0x00000000e0800000, 0x00000000e0900000, 0x00000000e0900000|100%| O|  |TAMS 0x00000000e0900000, 0x00000000e0800000| Untracked 
|   9|0x00000000e0900000, 0x00000000e0a00000, 0x00000000e0a00000|100%| O|  |TAMS 0x00000000e0a00000, 0x00000000e0900000| Untracked 
|  10|0x00000000e0a00000, 0x00000000e0b00000, 0x00000000e0b00000|100%| O|  |TAMS 0x00000000e0a00000, 0x00000000e0a00000| Untracked 
|  11|0x00000000e0b00000, 0x00000000e0c00000, 0x00000000e0c00000|100%| O|  |TAMS 0x00000000e0c00000, 0x00000000e0b00000| Untracked 
|  12|0x00000000e0c00000, 0x00000000e0d00000, 0x00000000e0d00000|100%| O|  |TAMS 0x00000000e0d00000, 0x00000000e0c00000| Untracked 
|  13|0x00000000e0d00000, 0x00000000e0e00000, 0x00000000e0e00000|100%| O|  |TAMS 0x00000000e0e00000, 0x00000000e0d00000| Untracked 
|  14|0x00000000e0e00000, 0x00000000e0f00000, 0x00000000e0f00000|100%| O|  |TAMS 0x00000000e0f00000, 0x00000000e0e00000| Untracked 
|  15|0x00000000e0f00000, 0x00000000e1000000, 0x00000000e1000000|100%| O|  |TAMS 0x00000000e1000000, 0x00000000e0f00000| Untracked 
|  16|0x00000000e1000000, 0x00000000e1100000, 0x00000000e1100000|100%| O|  |TAMS 0x00000000e1100000, 0x00000000e1000000| Untracked 
|  17|0x00000000e1100000, 0x00000000e1200000, 0x00000000e1200000|100%| O|  |TAMS 0x00000000e1200000, 0x00000000e1100000| Untracked 
|  18|0x00000000e1200000, 0x00000000e1300000, 0x00000000e1300000|100%| O|  |TAMS 0x00000000e1300000, 0x00000000e1200000| Untracked 
|  19|0x00000000e1300000, 0x00000000e1400000, 0x00000000e1400000|100%| O|  |TAMS 0x00000000e1400000, 0x00000000e1300000| Untracked 
|  20|0x00000000e1400000, 0x00000000e1500000, 0x00000000e1500000|100%| O|  |TAMS 0x00000000e1500000, 0x00000000e1400000| Untracked 
|  21|0x00000000e1500000, 0x00000000e1600000, 0x00000000e1600000|100%| O|  |TAMS 0x00000000e1600000, 0x00000000e1500000| Untracked 
|  22|0x00000000e1600000, 0x00000000e1700000, 0x00000000e1700000|100%| O|  |TAMS 0x00000000e1700000, 0x00000000e1600000| Untracked 
|  23|0x00000000e1700000, 0x00000000e1800000, 0x00000000e1800000|100%| O|  |TAMS 0x00000000e1800000, 0x00000000e1700000| Untracked 
|  24|0x00000000e1800000, 0x00000000e1900000, 0x00000000e1900000|100%| O|  |TAMS 0x00000000e1900000, 0x00000000e1800000| Untracked 
|  25|0x00000000e1900000, 0x00000000e1a00000, 0x00000000e1a00000|100%| O|  |TAMS 0x00000000e1a00000, 0x00000000e1900000| Untracked 
|  26|0x00000000e1a00000, 0x00000000e1b00000, 0x00000000e1b00000|100%| O|  |TAMS 0x00000000e1b00000, 0x00000000e1a00000| Untracked 
|  27|0x00000000e1b00000, 0x00000000e1c00000, 0x00000000e1c00000|100%| O|  |TAMS 0x00000000e1c00000, 0x00000000e1b00000| Untracked 
|  28|0x00000000e1c00000, 0x00000000e1d00000, 0x00000000e1d00000|100%| O|  |TAMS 0x00000000e1d00000, 0x00000000e1c00000| Untracked 
|  29|0x00000000e1d00000, 0x00000000e1e00000, 0x00000000e1e00000|100%| O|  |TAMS 0x00000000e1e00000, 0x00000000e1d00000| Untracked 
|  30|0x00000000e1e00000, 0x00000000e1f00000, 0x00000000e1f00000|100%| O|  |TAMS 0x00000000e1f00000, 0x00000000e1e00000| Untracked 
|  31|0x00000000e1f00000, 0x00000000e2000000, 0x00000000e2000000|100%| O|  |TAMS 0x00000000e2000000, 0x00000000e1f00000| Untracked 
|  32|0x00000000e2000000, 0x00000000e2100000, 0x00000000e2100000|100%| O|  |TAMS 0x00000000e2100000, 0x00000000e2000000| Untracked 
|  33|0x00000000e2100000, 0x00000000e2200000, 0x00000000e2200000|100%| O|  |TAMS 0x00000000e2200000, 0x00000000e2100000| Untracked 
|  34|0x00000000e2200000, 0x00000000e2300000, 0x00000000e2300000|100%| O|  |TAMS 0x00000000e2300000, 0x00000000e2200000| Untracked 
|  35|0x00000000e2300000, 0x00000000e2400000, 0x00000000e2400000|100%| O|  |TAMS 0x00000000e2400000, 0x00000000e2300000| Untracked 
|  36|0x00000000e2400000, 0x00000000e2500000, 0x00000000e2500000|100%| O|  |TAMS 0x00000000e2500000, 0x00000000e2400000| Untracked 
|  37|0x00000000e2500000, 0x00000000e2600000, 0x00000000e2600000|100%| O|  |TAMS 0x00000000e2600000, 0x00000000e2500000| Untracked 
|  38|0x00000000e2600000, 0x00000000e2600000, 0x00000000e2700000|  0%| F|  |TAMS 0x00000000e2600000, 0x00000000e2600000| Untracked 
|  39|0x00000000e2700000, 0x00000000e2800000, 0x00000000e2800000|100%| O|  |TAMS 0x00000000e2749400, 0x00000000e2700000| Untracked 
|  40|0x00000000e2800000, 0x00000000e2900000, 0x00000000e2900000|100%| O|  |TAMS 0x00000000e2800000, 0x00000000e2800000| Untracked 
|  41|0x00000000e2900000, 0x00000000e2a00000, 0x00000000e2a00000|100%| O|  |TAMS 0x00000000e2900000, 0x00000000e2900000| Untracked 
|  42|0x00000000e2a00000, 0x00000000e2b00000, 0x00000000e2b00000|100%| O|  |TAMS 0x00000000e2a00000, 0x00000000e2a00000| Untracked 
|  43|0x00000000e2b00000, 0x00000000e2c00000, 0x00000000e2c00000|100%| O|  |TAMS 0x00000000e2b00000, 0x00000000e2b00000| Untracked 
|  44|0x00000000e2c00000, 0x00000000e2d00000, 0x00000000e2d00000|100%| O|  |TAMS 0x00000000e2c00000, 0x00000000e2c00000| Untracked 
|  45|0x00000000e2d00000, 0x00000000e2e00000, 0x00000000e2e00000|100%| O|  |TAMS 0x00000000e2d00000, 0x00000000e2d00000| Untracked 
|  46|0x00000000e2e00000, 0x00000000e2ed7600, 0x00000000e2f00000| 84%| O|  |TAMS 0x00000000e2e00000, 0x00000000e2e00000| Untracked 
|  47|0x00000000e2f00000, 0x00000000e2f00000, 0x00000000e3000000|  0%| F|  |TAMS 0x00000000e2f00000, 0x00000000e2f00000| Untracked 
|  48|0x00000000e3000000, 0x00000000e3000000, 0x00000000e3100000|  0%| F|  |TAMS 0x00000000e3000000, 0x00000000e3000000| Untracked 
|  49|0x00000000e3100000, 0x00000000e3100000, 0x00000000e3200000|  0%| F|  |TAMS 0x00000000e3100000, 0x00000000e3100000| Untracked 
|  50|0x00000000e3200000, 0x00000000e3200000, 0x00000000e3300000|  0%| F|  |TAMS 0x00000000e3200000, 0x00000000e3200000| Untracked 
|  51|0x00000000e3300000, 0x00000000e3300000, 0x00000000e3400000|  0%| F|  |TAMS 0x00000000e3300000, 0x00000000e3300000| Untracked 
|  52|0x00000000e3400000, 0x00000000e3400000, 0x00000000e3500000|  0%| F|  |TAMS 0x00000000e3400000, 0x00000000e3400000| Untracked 
|  53|0x00000000e3500000, 0x00000000e3500000, 0x00000000e3600000|  0%| F|  |TAMS 0x00000000e3500000, 0x00000000e3500000| Untracked 
|  54|0x00000000e3600000, 0x00000000e3600000, 0x00000000e3700000|  0%| F|  |TAMS 0x00000000e3600000, 0x00000000e3600000| Untracked 
|  55|0x00000000e3700000, 0x00000000e3700000, 0x00000000e3800000|  0%| F|  |TAMS 0x00000000e3700000, 0x00000000e3700000| Untracked 
|  56|0x00000000e3800000, 0x00000000e3800000, 0x00000000e3900000|  0%| F|  |TAMS 0x00000000e3800000, 0x00000000e3800000| Untracked 
|  57|0x00000000e3900000, 0x00000000e3900000, 0x00000000e3a00000|  0%| F|  |TAMS 0x00000000e3900000, 0x00000000e3900000| Untracked 
|  58|0x00000000e3a00000, 0x00000000e3a00000, 0x00000000e3b00000|  0%| F|  |TAMS 0x00000000e3a00000, 0x00000000e3a00000| Untracked 
|  59|0x00000000e3b00000, 0x00000000e3b00000, 0x00000000e3c00000|  0%| F|  |TAMS 0x00000000e3b00000, 0x00000000e3b00000| Untracked 
|  60|0x00000000e3c00000, 0x00000000e3c00000, 0x00000000e3d00000|  0%| F|  |TAMS 0x00000000e3c00000, 0x00000000e3c00000| Untracked 
|  61|0x00000000e3d00000, 0x00000000e3d00000, 0x00000000e3e00000|  0%| F|  |TAMS 0x00000000e3d00000, 0x00000000e3d00000| Untracked 
|  62|0x00000000e3e00000, 0x00000000e3e00000, 0x00000000e3f00000|  0%| F|  |TAMS 0x00000000e3e00000, 0x00000000e3e00000| Untracked 
|  63|0x00000000e3f00000, 0x00000000e3f00000, 0x00000000e4000000|  0%| F|  |TAMS 0x00000000e3f00000, 0x00000000e3f00000| Untracked 
|  64|0x00000000e4000000, 0x00000000e4000000, 0x00000000e4100000|  0%| F|  |TAMS 0x00000000e4000000, 0x00000000e4000000| Untracked 
|  65|0x00000000e4100000, 0x00000000e4100000, 0x00000000e4200000|  0%| F|  |TAMS 0x00000000e4100000, 0x00000000e4100000| Untracked 
|  66|0x00000000e4200000, 0x00000000e4200000, 0x00000000e4300000|  0%| F|  |TAMS 0x00000000e4200000, 0x00000000e4200000| Untracked 
|  67|0x00000000e4300000, 0x00000000e4300000, 0x00000000e4400000|  0%| F|  |TAMS 0x00000000e4300000, 0x00000000e4300000| Untracked 
|  68|0x00000000e4400000, 0x00000000e4400000, 0x00000000e4500000|  0%| F|  |TAMS 0x00000000e4400000, 0x00000000e4400000| Untracked 
|  69|0x00000000e4500000, 0x00000000e4500000, 0x00000000e4600000|  0%| F|  |TAMS 0x00000000e4500000, 0x00000000e4500000| Untracked 
|  70|0x00000000e4600000, 0x00000000e4600000, 0x00000000e4700000|  0%| F|  |TAMS 0x00000000e4600000, 0x00000000e4600000| Untracked 
|  71|0x00000000e4700000, 0x00000000e4700000, 0x00000000e4800000|  0%| F|  |TAMS 0x00000000e4700000, 0x00000000e4700000| Untracked 
|  72|0x00000000e4800000, 0x00000000e4800000, 0x00000000e4900000|  0%| F|  |TAMS 0x00000000e4800000, 0x00000000e4800000| Untracked 
|  73|0x00000000e4900000, 0x00000000e4900000, 0x00000000e4a00000|  0%| F|  |TAMS 0x00000000e4900000, 0x00000000e4900000| Untracked 
|  74|0x00000000e4a00000, 0x00000000e4a00000, 0x00000000e4b00000|  0%| F|  |TAMS 0x00000000e4a00000, 0x00000000e4a00000| Untracked 
|  75|0x00000000e4b00000, 0x00000000e4b00000, 0x00000000e4c00000|  0%| F|  |TAMS 0x00000000e4b00000, 0x00000000e4b00000| Untracked 
|  76|0x00000000e4c00000, 0x00000000e4c00000, 0x00000000e4d00000|  0%| F|  |TAMS 0x00000000e4c00000, 0x00000000e4c00000| Untracked 
|  77|0x00000000e4d00000, 0x00000000e4d00000, 0x00000000e4e00000|  0%| F|  |TAMS 0x00000000e4d00000, 0x00000000e4d00000| Untracked 
|  78|0x00000000e4e00000, 0x00000000e4e00000, 0x00000000e4f00000|  0%| F|  |TAMS 0x00000000e4e00000, 0x00000000e4e00000| Untracked 
|  79|0x00000000e4f00000, 0x00000000e4f00000, 0x00000000e5000000|  0%| F|  |TAMS 0x00000000e4f00000, 0x00000000e4f00000| Untracked 
|  80|0x00000000e5000000, 0x00000000e5000000, 0x00000000e5100000|  0%| F|  |TAMS 0x00000000e5000000, 0x00000000e5000000| Untracked 
|  81|0x00000000e5100000, 0x00000000e5100000, 0x00000000e5200000|  0%| F|  |TAMS 0x00000000e5100000, 0x00000000e5100000| Untracked 
|  82|0x00000000e5200000, 0x00000000e5200000, 0x00000000e5300000|  0%| F|  |TAMS 0x00000000e5200000, 0x00000000e5200000| Untracked 
|  83|0x00000000e5300000, 0x00000000e5300000, 0x00000000e5400000|  0%| F|  |TAMS 0x00000000e5300000, 0x00000000e5300000| Untracked 
|  84|0x00000000e5400000, 0x00000000e5400000, 0x00000000e5500000|  0%| F|  |TAMS 0x00000000e5400000, 0x00000000e5400000| Untracked 
|  85|0x00000000e5500000, 0x00000000e5500000, 0x00000000e5600000|  0%| F|  |TAMS 0x00000000e5500000, 0x00000000e5500000| Untracked 
|  86|0x00000000e5600000, 0x00000000e5600000, 0x00000000e5700000|  0%| F|  |TAMS 0x00000000e5600000, 0x00000000e5600000| Untracked 
|  87|0x00000000e5700000, 0x00000000e5700000, 0x00000000e5800000|  0%| F|  |TAMS 0x00000000e5700000, 0x00000000e5700000| Untracked 
|  88|0x00000000e5800000, 0x00000000e5800000, 0x00000000e5900000|  0%| F|  |TAMS 0x00000000e5800000, 0x00000000e5800000| Untracked 
|  89|0x00000000e5900000, 0x00000000e5900000, 0x00000000e5a00000|  0%| F|  |TAMS 0x00000000e5900000, 0x00000000e5900000| Untracked 
|  90|0x00000000e5a00000, 0x00000000e5ab8f90, 0x00000000e5b00000| 72%| S|CS|TAMS 0x00000000e5a00000, 0x00000000e5a00000| Complete 
|  91|0x00000000e5b00000, 0x00000000e5c00000, 0x00000000e5c00000|100%| S|CS|TAMS 0x00000000e5b00000, 0x00000000e5b00000| Complete 
|  92|0x00000000e5c00000, 0x00000000e5d00000, 0x00000000e5d00000|100%| S|CS|TAMS 0x00000000e5c00000, 0x00000000e5c00000| Complete 
|  93|0x00000000e5d00000, 0x00000000e5e00000, 0x00000000e5e00000|100%| S|CS|TAMS 0x00000000e5d00000, 0x00000000e5d00000| Complete 
|  94|0x00000000e5e00000, 0x00000000e5f00000, 0x00000000e5f00000|100%| S|CS|TAMS 0x00000000e5e00000, 0x00000000e5e00000| Complete 
|  95|0x00000000e5f00000, 0x00000000e6000000, 0x00000000e6000000|100%| S|CS|TAMS 0x00000000e5f00000, 0x00000000e5f00000| Complete 
|  96|0x00000000e6000000, 0x00000000e6000000, 0x00000000e6100000|  0%| F|  |TAMS 0x00000000e6000000, 0x00000000e6000000| Untracked 
|  97|0x00000000e6100000, 0x00000000e6100000, 0x00000000e6200000|  0%| F|  |TAMS 0x00000000e6100000, 0x00000000e6100000| Untracked 
|  98|0x00000000e6200000, 0x00000000e6200000, 0x00000000e6300000|  0%| F|  |TAMS 0x00000000e6200000, 0x00000000e6200000| Untracked 
|  99|0x00000000e6300000, 0x00000000e6300000, 0x00000000e6400000|  0%| F|  |TAMS 0x00000000e6300000, 0x00000000e6300000| Untracked 
| 100|0x00000000e6400000, 0x00000000e6400000, 0x00000000e6500000|  0%| F|  |TAMS 0x00000000e6400000, 0x00000000e6400000| Untracked 
| 101|0x00000000e6500000, 0x00000000e6500000, 0x00000000e6600000|  0%| F|  |TAMS 0x00000000e6500000, 0x00000000e6500000| Untracked 
| 102|0x00000000e6600000, 0x00000000e6600000, 0x00000000e6700000|  0%| F|  |TAMS 0x00000000e6600000, 0x00000000e6600000| Untracked 
| 103|0x00000000e6700000, 0x00000000e6800000, 0x00000000e6800000|100%| S|CS|TAMS 0x00000000e6700000, 0x00000000e6700000| Complete 
| 104|0x00000000e6800000, 0x00000000e6900000, 0x00000000e6900000|100%| S|CS|TAMS 0x00000000e6800000, 0x00000000e6800000| Complete 
| 105|0x00000000e6900000, 0x00000000e6a00000, 0x00000000e6a00000|100%| S|CS|TAMS 0x00000000e6900000, 0x00000000e6900000| Complete 
| 106|0x00000000e6a00000, 0x00000000e6b00000, 0x00000000e6b00000|100%| S|CS|TAMS 0x00000000e6a00000, 0x00000000e6a00000| Complete 
| 107|0x00000000e6b00000, 0x00000000e6c00000, 0x00000000e6c00000|100%| S|CS|TAMS 0x00000000e6b00000, 0x00000000e6b00000| Complete 
| 108|0x00000000e6c00000, 0x00000000e6d00000, 0x00000000e6d00000|100%| S|CS|TAMS 0x00000000e6c00000, 0x00000000e6c00000| Complete 
| 109|0x00000000e6d00000, 0x00000000e6e00000, 0x00000000e6e00000|100%| S|CS|TAMS 0x00000000e6d00000, 0x00000000e6d00000| Complete 
| 110|0x00000000e6e00000, 0x00000000e6e00000, 0x00000000e6f00000|  0%| F|  |TAMS 0x00000000e6e00000, 0x00000000e6e00000| Untracked 
| 111|0x00000000e6f00000, 0x00000000e6f00000, 0x00000000e7000000|  0%| F|  |TAMS 0x00000000e6f00000, 0x00000000e6f00000| Untracked 
| 112|0x00000000e7000000, 0x00000000e7000000, 0x00000000e7100000|  0%| F|  |TAMS 0x00000000e7000000, 0x00000000e7000000| Untracked 
| 113|0x00000000e7100000, 0x00000000e7100000, 0x00000000e7200000|  0%| F|  |TAMS 0x00000000e7100000, 0x00000000e7100000| Untracked 
| 114|0x00000000e7200000, 0x00000000e7200000, 0x00000000e7300000|  0%| F|  |TAMS 0x00000000e7200000, 0x00000000e7200000| Untracked 
| 115|0x00000000e7300000, 0x00000000e7300000, 0x00000000e7400000|  0%| F|  |TAMS 0x00000000e7300000, 0x00000000e7300000| Untracked 
| 116|0x00000000e7400000, 0x00000000e7400000, 0x00000000e7500000|  0%| F|  |TAMS 0x00000000e7400000, 0x00000000e7400000| Untracked 
| 117|0x00000000e7500000, 0x00000000e7500000, 0x00000000e7600000|  0%| F|  |TAMS 0x00000000e7500000, 0x00000000e7500000| Untracked 
| 118|0x00000000e7600000, 0x00000000e7600000, 0x00000000e7700000|  0%| F|  |TAMS 0x00000000e7600000, 0x00000000e7600000| Untracked 
| 119|0x00000000e7700000, 0x00000000e7700000, 0x00000000e7800000|  0%| F|  |TAMS 0x00000000e7700000, 0x00000000e7700000| Untracked 
| 120|0x00000000e7800000, 0x00000000e7800000, 0x00000000e7900000|  0%| F|  |TAMS 0x00000000e7800000, 0x00000000e7800000| Untracked 
| 121|0x00000000e7900000, 0x00000000e7900000, 0x00000000e7a00000|  0%| F|  |TAMS 0x00000000e7900000, 0x00000000e7900000| Untracked 
| 122|0x00000000e7a00000, 0x00000000e7a00000, 0x00000000e7b00000|  0%| F|  |TAMS 0x00000000e7a00000, 0x00000000e7a00000| Untracked 
| 123|0x00000000e7b00000, 0x00000000e7b00000, 0x00000000e7c00000|  0%| F|  |TAMS 0x00000000e7b00000, 0x00000000e7b00000| Untracked 
| 124|0x00000000e7c00000, 0x00000000e7c00000, 0x00000000e7d00000|  0%| F|  |TAMS 0x00000000e7c00000, 0x00000000e7c00000| Untracked 
| 125|0x00000000e7d00000, 0x00000000e7d00000, 0x00000000e7e00000|  0%| F|  |TAMS 0x00000000e7d00000, 0x00000000e7d00000| Untracked 
| 126|0x00000000e7e00000, 0x00000000e7e00000, 0x00000000e7f00000|  0%| F|  |TAMS 0x00000000e7e00000, 0x00000000e7e00000| Untracked 
| 127|0x00000000e7f00000, 0x00000000e7f00000, 0x00000000e8000000|  0%| F|  |TAMS 0x00000000e7f00000, 0x00000000e7f00000| Untracked 
| 128|0x00000000e8000000, 0x00000000e8000000, 0x00000000e8100000|  0%| F|  |TAMS 0x00000000e8000000, 0x00000000e8000000| Untracked 
| 129|0x00000000e8100000, 0x00000000e8100000, 0x00000000e8200000|  0%| F|  |TAMS 0x00000000e8100000, 0x00000000e8100000| Untracked 
| 130|0x00000000e8200000, 0x00000000e8200000, 0x00000000e8300000|  0%| F|  |TAMS 0x00000000e8200000, 0x00000000e8200000| Untracked 
| 131|0x00000000e8300000, 0x00000000e8300000, 0x00000000e8400000|  0%| F|  |TAMS 0x00000000e8300000, 0x00000000e8300000| Untracked 
| 132|0x00000000e8400000, 0x00000000e8400000, 0x00000000e8500000|  0%| F|  |TAMS 0x00000000e8400000, 0x00000000e8400000| Untracked 
| 133|0x00000000e8500000, 0x00000000e8500000, 0x00000000e8600000|  0%| F|  |TAMS 0x00000000e8500000, 0x00000000e8500000| Untracked 
| 134|0x00000000e8600000, 0x00000000e8600000, 0x00000000e8700000|  0%| F|  |TAMS 0x00000000e8600000, 0x00000000e8600000| Untracked 
| 135|0x00000000e8700000, 0x00000000e8700000, 0x00000000e8800000|  0%| F|  |TAMS 0x00000000e8700000, 0x00000000e8700000| Untracked 
| 136|0x00000000e8800000, 0x00000000e8800000, 0x00000000e8900000|  0%| F|  |TAMS 0x00000000e8800000, 0x00000000e8800000| Untracked 
| 137|0x00000000e8900000, 0x00000000e8900000, 0x00000000e8a00000|  0%| F|  |TAMS 0x00000000e8900000, 0x00000000e8900000| Untracked 
| 138|0x00000000e8a00000, 0x00000000e8a00000, 0x00000000e8b00000|  0%| F|  |TAMS 0x00000000e8a00000, 0x00000000e8a00000| Untracked 
| 139|0x00000000e8b00000, 0x00000000e8b00000, 0x00000000e8c00000|  0%| F|  |TAMS 0x00000000e8b00000, 0x00000000e8b00000| Untracked 
| 140|0x00000000e8c00000, 0x00000000e8c00000, 0x00000000e8d00000|  0%| F|  |TAMS 0x00000000e8c00000, 0x00000000e8c00000| Untracked 
| 141|0x00000000e8d00000, 0x00000000e8d00000, 0x00000000e8e00000|  0%| F|  |TAMS 0x00000000e8d00000, 0x00000000e8d00000| Untracked 
| 142|0x00000000e8e00000, 0x00000000e8e00000, 0x00000000e8f00000|  0%| F|  |TAMS 0x00000000e8e00000, 0x00000000e8e00000| Untracked 
| 143|0x00000000e8f00000, 0x00000000e8f00000, 0x00000000e9000000|  0%| F|  |TAMS 0x00000000e8f00000, 0x00000000e8f00000| Untracked 
| 144|0x00000000e9000000, 0x00000000e9000000, 0x00000000e9100000|  0%| F|  |TAMS 0x00000000e9000000, 0x00000000e9000000| Untracked 
| 145|0x00000000e9100000, 0x00000000e9100000, 0x00000000e9200000|  0%| F|  |TAMS 0x00000000e9100000, 0x00000000e9100000| Untracked 
| 146|0x00000000e9200000, 0x00000000e9200000, 0x00000000e9300000|  0%| F|  |TAMS 0x00000000e9200000, 0x00000000e9200000| Untracked 
| 147|0x00000000e9300000, 0x00000000e9300000, 0x00000000e9400000|  0%| F|  |TAMS 0x00000000e9300000, 0x00000000e9300000| Untracked 
| 148|0x00000000e9400000, 0x00000000e9400000, 0x00000000e9500000|  0%| F|  |TAMS 0x00000000e9400000, 0x00000000e9400000| Untracked 
| 149|0x00000000e9500000, 0x00000000e9500000, 0x00000000e9600000|  0%| F|  |TAMS 0x00000000e9500000, 0x00000000e9500000| Untracked 
| 150|0x00000000e9600000, 0x00000000e9600000, 0x00000000e9700000|  0%| F|  |TAMS 0x00000000e9600000, 0x00000000e9600000| Untracked 
| 151|0x00000000e9700000, 0x00000000e9700000, 0x00000000e9800000|  0%| F|  |TAMS 0x00000000e9700000, 0x00000000e9700000| Untracked 
| 152|0x00000000e9800000, 0x00000000e9800000, 0x00000000e9900000|  0%| F|  |TAMS 0x00000000e9800000, 0x00000000e9800000| Untracked 
| 153|0x00000000e9900000, 0x00000000e9900000, 0x00000000e9a00000|  0%| F|  |TAMS 0x00000000e9900000, 0x00000000e9900000| Untracked 
| 154|0x00000000e9a00000, 0x00000000e9a00000, 0x00000000e9b00000|  0%| F|  |TAMS 0x00000000e9a00000, 0x00000000e9a00000| Untracked 
| 155|0x00000000e9b00000, 0x00000000e9b00000, 0x00000000e9c00000|  0%| F|  |TAMS 0x00000000e9b00000, 0x00000000e9b00000| Untracked 
| 156|0x00000000e9c00000, 0x00000000e9c00000, 0x00000000e9d00000|  0%| F|  |TAMS 0x00000000e9c00000, 0x00000000e9c00000| Untracked 
| 157|0x00000000e9d00000, 0x00000000e9d00000, 0x00000000e9e00000|  0%| F|  |TAMS 0x00000000e9d00000, 0x00000000e9d00000| Untracked 
| 158|0x00000000e9e00000, 0x00000000e9e00000, 0x00000000e9f00000|  0%| F|  |TAMS 0x00000000e9e00000, 0x00000000e9e00000| Untracked 
| 159|0x00000000e9f00000, 0x00000000e9f00000, 0x00000000ea000000|  0%| F|  |TAMS 0x00000000e9f00000, 0x00000000e9f00000| Untracked 
| 160|0x00000000ea000000, 0x00000000ea000000, 0x00000000ea100000|  0%| F|  |TAMS 0x00000000ea000000, 0x00000000ea000000| Untracked 
| 161|0x00000000ea100000, 0x00000000ea100000, 0x00000000ea200000|  0%| F|  |TAMS 0x00000000ea100000, 0x00000000ea100000| Untracked 
| 162|0x00000000ea200000, 0x00000000ea200000, 0x00000000ea300000|  0%| F|  |TAMS 0x00000000ea200000, 0x00000000ea200000| Untracked 
| 163|0x00000000ea300000, 0x00000000ea300000, 0x00000000ea400000|  0%| F|  |TAMS 0x00000000ea300000, 0x00000000ea300000| Untracked 
| 164|0x00000000ea400000, 0x00000000ea400000, 0x00000000ea500000|  0%| F|  |TAMS 0x00000000ea400000, 0x00000000ea400000| Untracked 
| 165|0x00000000ea500000, 0x00000000ea500000, 0x00000000ea600000|  0%| F|  |TAMS 0x00000000ea500000, 0x00000000ea500000| Untracked 
| 166|0x00000000ea600000, 0x00000000ea600000, 0x00000000ea700000|  0%| F|  |TAMS 0x00000000ea600000, 0x00000000ea600000| Untracked 
| 167|0x00000000ea700000, 0x00000000ea700000, 0x00000000ea800000|  0%| F|  |TAMS 0x00000000ea700000, 0x00000000ea700000| Untracked 
| 168|0x00000000ea800000, 0x00000000ea800000, 0x00000000ea900000|  0%| F|  |TAMS 0x00000000ea800000, 0x00000000ea800000| Untracked 
| 169|0x00000000ea900000, 0x00000000ea900000, 0x00000000eaa00000|  0%| F|  |TAMS 0x00000000ea900000, 0x00000000ea900000| Untracked 
| 170|0x00000000eaa00000, 0x00000000eaa00000, 0x00000000eab00000|  0%| F|  |TAMS 0x00000000eaa00000, 0x00000000eaa00000| Untracked 
| 171|0x00000000eab00000, 0x00000000eab00000, 0x00000000eac00000|  0%| F|  |TAMS 0x00000000eab00000, 0x00000000eab00000| Untracked 
| 172|0x00000000eac00000, 0x00000000eac00000, 0x00000000ead00000|  0%| F|  |TAMS 0x00000000eac00000, 0x00000000eac00000| Untracked 
| 173|0x00000000ead00000, 0x00000000ead00000, 0x00000000eae00000|  0%| F|  |TAMS 0x00000000ead00000, 0x00000000ead00000| Untracked 
| 174|0x00000000eae00000, 0x00000000eae00000, 0x00000000eaf00000|  0%| F|  |TAMS 0x00000000eae00000, 0x00000000eae00000| Untracked 
| 175|0x00000000eaf00000, 0x00000000eaf00000, 0x00000000eb000000|  0%| F|  |TAMS 0x00000000eaf00000, 0x00000000eaf00000| Untracked 
| 176|0x00000000eb000000, 0x00000000eb000000, 0x00000000eb100000|  0%| F|  |TAMS 0x00000000eb000000, 0x00000000eb000000| Untracked 
| 177|0x00000000eb100000, 0x00000000eb1ff830, 0x00000000eb200000| 99%| E|  |TAMS 0x00000000eb100000, 0x00000000eb100000| Complete 
| 178|0x00000000eb200000, 0x00000000eb300000, 0x00000000eb300000|100%| E|CS|TAMS 0x00000000eb200000, 0x00000000eb200000| Complete 
| 179|0x00000000eb300000, 0x00000000eb400000, 0x00000000eb400000|100%| E|CS|TAMS 0x00000000eb300000, 0x00000000eb300000| Complete 
| 180|0x00000000eb400000, 0x00000000eb500000, 0x00000000eb500000|100%| E|CS|TAMS 0x00000000eb400000, 0x00000000eb400000| Complete 
| 181|0x00000000eb500000, 0x00000000eb600000, 0x00000000eb600000|100%| E|CS|TAMS 0x00000000eb500000, 0x00000000eb500000| Complete 
| 182|0x00000000eb600000, 0x00000000eb700000, 0x00000000eb700000|100%| E|CS|TAMS 0x00000000eb600000, 0x00000000eb600000| Complete 
| 183|0x00000000eb700000, 0x00000000eb800000, 0x00000000eb800000|100%| E|CS|TAMS 0x00000000eb700000, 0x00000000eb700000| Complete 
| 184|0x00000000eb800000, 0x00000000eb900000, 0x00000000eb900000|100%| E|CS|TAMS 0x00000000eb800000, 0x00000000eb800000| Complete 
| 185|0x00000000eb900000, 0x00000000eba00000, 0x00000000eba00000|100%| E|CS|TAMS 0x00000000eb900000, 0x00000000eb900000| Complete 
| 186|0x00000000eba00000, 0x00000000ebb00000, 0x00000000ebb00000|100%| E|CS|TAMS 0x00000000eba00000, 0x00000000eba00000| Complete 
| 187|0x00000000ebb00000, 0x00000000ebc00000, 0x00000000ebc00000|100%| E|CS|TAMS 0x00000000ebb00000, 0x00000000ebb00000| Complete 
| 188|0x00000000ebc00000, 0x00000000ebd00000, 0x00000000ebd00000|100%| E|CS|TAMS 0x00000000ebc00000, 0x00000000ebc00000| Complete 
| 189|0x00000000ebd00000, 0x00000000ebe00000, 0x00000000ebe00000|100%| E|CS|TAMS 0x00000000ebd00000, 0x00000000ebd00000| Complete 
| 190|0x00000000ebe00000, 0x00000000ebf00000, 0x00000000ebf00000|100%| E|CS|TAMS 0x00000000ebe00000, 0x00000000ebe00000| Complete 
| 191|0x00000000ebf00000, 0x00000000ec000000, 0x00000000ec000000|100%| E|CS|TAMS 0x00000000ebf00000, 0x00000000ebf00000| Complete 
| 192|0x00000000ec000000, 0x00000000ec100000, 0x00000000ec100000|100%| E|CS|TAMS 0x00000000ec000000, 0x00000000ec000000| Complete 
| 193|0x00000000ec100000, 0x00000000ec200000, 0x00000000ec200000|100%| E|CS|TAMS 0x00000000ec100000, 0x00000000ec100000| Complete 
| 194|0x00000000ec200000, 0x00000000ec300000, 0x00000000ec300000|100%| E|CS|TAMS 0x00000000ec200000, 0x00000000ec200000| Complete 
| 195|0x00000000ec300000, 0x00000000ec400000, 0x00000000ec400000|100%| E|CS|TAMS 0x00000000ec300000, 0x00000000ec300000| Complete 
| 196|0x00000000ec400000, 0x00000000ec500000, 0x00000000ec500000|100%| E|CS|TAMS 0x00000000ec400000, 0x00000000ec400000| Complete 
| 197|0x00000000ec500000, 0x00000000ec600000, 0x00000000ec600000|100%| E|CS|TAMS 0x00000000ec500000, 0x00000000ec500000| Complete 
| 198|0x00000000ec600000, 0x00000000ec700000, 0x00000000ec700000|100%| E|CS|TAMS 0x00000000ec600000, 0x00000000ec600000| Complete 
| 199|0x00000000ec700000, 0x00000000ec800000, 0x00000000ec800000|100%| E|CS|TAMS 0x00000000ec700000, 0x00000000ec700000| Complete 
| 200|0x00000000ec800000, 0x00000000ec900000, 0x00000000ec900000|100%| E|CS|TAMS 0x00000000ec800000, 0x00000000ec800000| Complete 
| 201|0x00000000ec900000, 0x00000000eca00000, 0x00000000eca00000|100%| E|CS|TAMS 0x00000000ec900000, 0x00000000ec900000| Complete 
| 202|0x00000000eca00000, 0x00000000ecb00000, 0x00000000ecb00000|100%| E|CS|TAMS 0x00000000eca00000, 0x00000000eca00000| Complete 
| 203|0x00000000ecb00000, 0x00000000ecc00000, 0x00000000ecc00000|100%| E|CS|TAMS 0x00000000ecb00000, 0x00000000ecb00000| Complete 
| 204|0x00000000ecc00000, 0x00000000ecd00000, 0x00000000ecd00000|100%| E|CS|TAMS 0x00000000ecc00000, 0x00000000ecc00000| Complete 
| 205|0x00000000ecd00000, 0x00000000ece00000, 0x00000000ece00000|100%| E|CS|TAMS 0x00000000ecd00000, 0x00000000ecd00000| Complete 
| 206|0x00000000ece00000, 0x00000000ecf00000, 0x00000000ecf00000|100%| E|CS|TAMS 0x00000000ece00000, 0x00000000ece00000| Complete 
| 207|0x00000000ecf00000, 0x00000000ed000000, 0x00000000ed000000|100%| E|CS|TAMS 0x00000000ecf00000, 0x00000000ecf00000| Complete 
| 208|0x00000000ed000000, 0x00000000ed100000, 0x00000000ed100000|100%| E|CS|TAMS 0x00000000ed000000, 0x00000000ed000000| Complete 
| 209|0x00000000ed100000, 0x00000000ed200000, 0x00000000ed200000|100%| E|  |TAMS 0x00000000ed100000, 0x00000000ed100000| Complete 
| 210|0x00000000ed200000, 0x00000000ed300000, 0x00000000ed300000|100%| E|CS|TAMS 0x00000000ed200000, 0x00000000ed200000| Complete 
| 211|0x00000000ed300000, 0x00000000ed400000, 0x00000000ed400000|100%| E|CS|TAMS 0x00000000ed300000, 0x00000000ed300000| Complete 
| 212|0x00000000ed400000, 0x00000000ed500000, 0x00000000ed500000|100%| E|CS|TAMS 0x00000000ed400000, 0x00000000ed400000| Complete 
| 213|0x00000000ed500000, 0x00000000ed600000, 0x00000000ed600000|100%| E|CS|TAMS 0x00000000ed500000, 0x00000000ed500000| Complete 
| 214|0x00000000ed600000, 0x00000000ed700000, 0x00000000ed700000|100%| E|CS|TAMS 0x00000000ed600000, 0x00000000ed600000| Complete 
| 215|0x00000000ed700000, 0x00000000ed800000, 0x00000000ed800000|100%| E|CS|TAMS 0x00000000ed700000, 0x00000000ed700000| Complete 
| 216|0x00000000ed800000, 0x00000000ed900000, 0x00000000ed900000|100%| E|CS|TAMS 0x00000000ed800000, 0x00000000ed800000| Complete 
| 217|0x00000000ed900000, 0x00000000eda00000, 0x00000000eda00000|100%| E|CS|TAMS 0x00000000ed900000, 0x00000000ed900000| Complete 
| 218|0x00000000eda00000, 0x00000000edb00000, 0x00000000edb00000|100%| E|CS|TAMS 0x00000000eda00000, 0x00000000eda00000| Complete 
| 219|0x00000000edb00000, 0x00000000edc00000, 0x00000000edc00000|100%| E|CS|TAMS 0x00000000edb00000, 0x00000000edb00000| Complete 
| 220|0x00000000edc00000, 0x00000000edd00000, 0x00000000edd00000|100%| E|CS|TAMS 0x00000000edc00000, 0x00000000edc00000| Complete 
| 221|0x00000000edd00000, 0x00000000ede00000, 0x00000000ede00000|100%| E|CS|TAMS 0x00000000edd00000, 0x00000000edd00000| Complete 
| 222|0x00000000ede00000, 0x00000000edf00000, 0x00000000edf00000|100%| E|CS|TAMS 0x00000000ede00000, 0x00000000ede00000| Complete 
| 223|0x00000000edf00000, 0x00000000ee000000, 0x00000000ee000000|100%| E|CS|TAMS 0x00000000edf00000, 0x00000000edf00000| Complete 
| 224|0x00000000ee000000, 0x00000000ee100000, 0x00000000ee100000|100%| E|CS|TAMS 0x00000000ee000000, 0x00000000ee000000| Complete 
| 225|0x00000000ee100000, 0x00000000ee200000, 0x00000000ee200000|100%| E|CS|TAMS 0x00000000ee100000, 0x00000000ee100000| Complete 
| 226|0x00000000ee200000, 0x00000000ee300000, 0x00000000ee300000|100%| E|CS|TAMS 0x00000000ee200000, 0x00000000ee200000| Complete 
| 227|0x00000000ee300000, 0x00000000ee400000, 0x00000000ee400000|100%| E|CS|TAMS 0x00000000ee300000, 0x00000000ee300000| Complete 
| 228|0x00000000ee400000, 0x00000000ee500000, 0x00000000ee500000|100%| E|CS|TAMS 0x00000000ee400000, 0x00000000ee400000| Complete 
| 229|0x00000000ee500000, 0x00000000ee600000, 0x00000000ee600000|100%| E|CS|TAMS 0x00000000ee500000, 0x00000000ee500000| Complete 
| 230|0x00000000ee600000, 0x00000000ee700000, 0x00000000ee700000|100%| E|CS|TAMS 0x00000000ee600000, 0x00000000ee600000| Complete 
| 231|0x00000000ee700000, 0x00000000ee800000, 0x00000000ee800000|100%| E|CS|TAMS 0x00000000ee700000, 0x00000000ee700000| Complete 
| 232|0x00000000ee800000, 0x00000000ee900000, 0x00000000ee900000|100%| E|CS|TAMS 0x00000000ee800000, 0x00000000ee800000| Complete 
| 233|0x00000000ee900000, 0x00000000eea00000, 0x00000000eea00000|100%| E|CS|TAMS 0x00000000ee900000, 0x00000000ee900000| Complete 
| 234|0x00000000eea00000, 0x00000000eeb00000, 0x00000000eeb00000|100%| E|CS|TAMS 0x00000000eea00000, 0x00000000eea00000| Complete 
| 235|0x00000000eeb00000, 0x00000000eec00000, 0x00000000eec00000|100%| E|CS|TAMS 0x00000000eeb00000, 0x00000000eeb00000| Complete 
| 236|0x00000000eec00000, 0x00000000eed00000, 0x00000000eed00000|100%| E|CS|TAMS 0x00000000eec00000, 0x00000000eec00000| Complete 
| 237|0x00000000eed00000, 0x00000000eee00000, 0x00000000eee00000|100%| E|CS|TAMS 0x00000000eed00000, 0x00000000eed00000| Complete 
| 238|0x00000000eee00000, 0x00000000eef00000, 0x00000000eef00000|100%| E|CS|TAMS 0x00000000eee00000, 0x00000000eee00000| Complete 
| 239|0x00000000eef00000, 0x00000000ef000000, 0x00000000ef000000|100%| E|CS|TAMS 0x00000000eef00000, 0x00000000eef00000| Complete 
| 240|0x00000000ef000000, 0x00000000ef100000, 0x00000000ef100000|100%| E|CS|TAMS 0x00000000ef000000, 0x00000000ef000000| Complete 
| 241|0x00000000ef100000, 0x00000000ef200000, 0x00000000ef200000|100%| E|CS|TAMS 0x00000000ef100000, 0x00000000ef100000| Complete 
| 242|0x00000000ef200000, 0x00000000ef300000, 0x00000000ef300000|100%| E|CS|TAMS 0x00000000ef200000, 0x00000000ef200000| Complete 
| 243|0x00000000ef300000, 0x00000000ef400000, 0x00000000ef400000|100%| E|CS|TAMS 0x00000000ef300000, 0x00000000ef300000| Complete 
| 244|0x00000000ef400000, 0x00000000ef500000, 0x00000000ef500000|100%| E|CS|TAMS 0x00000000ef400000, 0x00000000ef400000| Complete 
| 245|0x00000000ef500000, 0x00000000ef600000, 0x00000000ef600000|100%| E|CS|TAMS 0x00000000ef500000, 0x00000000ef500000| Complete 
| 246|0x00000000ef600000, 0x00000000ef700000, 0x00000000ef700000|100%| E|CS|TAMS 0x00000000ef600000, 0x00000000ef600000| Complete 
| 247|0x00000000ef700000, 0x00000000ef800000, 0x00000000ef800000|100%| E|CS|TAMS 0x00000000ef700000, 0x00000000ef700000| Complete 
| 248|0x00000000ef800000, 0x00000000ef900000, 0x00000000ef900000|100%| E|CS|TAMS 0x00000000ef800000, 0x00000000ef800000| Complete 
| 249|0x00000000ef900000, 0x00000000efa00000, 0x00000000efa00000|100%| E|CS|TAMS 0x00000000ef900000, 0x00000000ef900000| Complete 
| 250|0x00000000efa00000, 0x00000000efb00000, 0x00000000efb00000|100%| E|CS|TAMS 0x00000000efa00000, 0x00000000efa00000| Complete 
| 251|0x00000000efb00000, 0x00000000efc00000, 0x00000000efc00000|100%| E|CS|TAMS 0x00000000efb00000, 0x00000000efb00000| Complete 
| 252|0x00000000efc00000, 0x00000000efd00000, 0x00000000efd00000|100%| E|CS|TAMS 0x00000000efc00000, 0x00000000efc00000| Complete 
| 253|0x00000000efd00000, 0x00000000efe00000, 0x00000000efe00000|100%| E|CS|TAMS 0x00000000efd00000, 0x00000000efd00000| Complete 
| 254|0x00000000efe00000, 0x00000000eff00000, 0x00000000eff00000|100%| E|CS|TAMS 0x00000000efe00000, 0x00000000efe00000| Complete 
| 255|0x00000000eff00000, 0x00000000f0000000, 0x00000000f0000000|100%| E|CS|TAMS 0x00000000eff00000, 0x00000000eff00000| Complete 

Card table byte_map: [0x00000168c98b0000,0x00000168c99b0000] _byte_map_base: 0x00000168c91b0000

Marking Bits (Prev, Next): (CMBitMap*) 0x00000168b2c099b0, (CMBitMap*) 0x00000168b2c099f0
 Prev Bits: [0x00000168c9ab0000, 0x00000168ca2b0000)
 Next Bits: [0x00000168ca2b0000, 0x00000168caab0000)

Polling page: 0x00000168b0b50000

Metaspace:

Usage:
  Non-class:     58.92 MB used.
      Class:      9.17 MB used.
       Both:     68.10 MB used.

Virtual space:
  Non-class space:       64.00 MB reserved,      59.31 MB ( 93%) committed,  1 nodes.
      Class space:      320.00 MB reserved,       9.50 MB (  3%) committed,  1 nodes.
             Both:      384.00 MB reserved,      68.81 MB ( 18%) committed. 

Chunk freelists:
   Non-Class:  4.30 MB
       Class:  6.53 MB
        Both:  10.83 MB

MaxMetaspaceSize: 384.00 MB
CompressedClassSpaceSize: 320.00 MB
Initial GC threshold: 21.00 MB
Current GC threshold: 108.69 MB
CDS: on
MetaspaceReclaimPolicy: balanced
 - commit_granule_bytes: 65536.
 - commit_granule_words: 8192.
 - virtual_space_node_default_size: 8388608.
 - enlarge_chunks_in_place: 1.
 - new_chunks_are_fully_committed: 0.
 - uncommit_free_chunks: 1.
 - use_allocation_guard: 0.
 - handle_deallocations: 1.


Internal statistics:

num_allocs_failed_limit: 12.
num_arena_births: 1272.
num_arena_deaths: 262.
num_vsnodes_births: 2.
num_vsnodes_deaths: 0.
num_space_committed: 1101.
num_space_uncommitted: 0.
num_chunks_returned_to_freelist: 317.
num_chunks_taken_from_freelist: 4335.
num_chunk_merges: 116.
num_chunk_splits: 2692.
num_chunks_enlarged: 1644.
num_inconsistent_stats: 0.

CodeHeap 'non-profiled nmethods': size=120000Kb used=8061Kb max_used=8061Kb free=111938Kb
 bounds [0x00000168c1f50000, 0x00000168c2730000, 0x00000168c9480000]
CodeHeap 'profiled nmethods': size=120000Kb used=24759Kb max_used=24759Kb free=95240Kb
 bounds [0x00000168ba480000, 0x00000168bbcb0000, 0x00000168c19b0000]
CodeHeap 'non-nmethods': size=5760Kb used=2372Kb max_used=2480Kb free=3387Kb
 bounds [0x00000168c19b0000, 0x00000168c1c30000, 0x00000168c1f50000]
 total_blobs=13115 nmethods=12221 adapters=805
 compilation: enabled
              stopped_count=0, restarted_count=0
 full_count=0

Compilation events (20 events):
Event: 5904.838 Thread 0x00000168cd4d8fd0 13819       3       org.gradle.api.internal.artifacts.ivyservice.resolveengine.result.StreamingResolutionResultBuilder::visitNode (42 bytes)
Event: 5904.839 Thread 0x00000168cd4d8fd0 nmethod 13819 0x00000168bbca8190 code [0x00000168bbca83c0, 0x00000168bbca8cc8]
Event: 5904.839 Thread 0x00000168cd4d8fd0 13836       3       org.gradle.api.internal.artifacts.ivyservice.resolveengine.artifact.ArtifactSetFactory::toResolvedVariant (17 bytes)
Event: 5904.840 Thread 0x00000168cd4d8fd0 nmethod 13836 0x00000168bbca9090 code [0x00000168bbca92a0, 0x00000168bbca9a18]
Event: 5904.840 Thread 0x00000168cd4d8fd0 13837       3       org.gradle.internal.component.model.DefaultComponentGraphResolveState$DefaultVariantArtifactResolveState::<init> (46 bytes)
Event: 5904.840 Thread 0x00000168cd4d8fd0 nmethod 13837 0x00000168bbca9d10 code [0x00000168bbca9ee0, 0x00000168bbcaa3a8]
Event: 5904.840 Thread 0x00000168cd4d8fd0 13838       3       org.gradle.internal.component.model.DefaultComponentGraphResolveState$DefaultVariantArtifactResolveState::buildAllVariants (65 bytes)
Event: 5904.841 Thread 0x00000168cd4d8fd0 nmethod 13838 0x00000168bbcaa510 code [0x00000168bbcaa7c0, 0x00000168bbcab758]
Event: 5904.841 Thread 0x00000168cd4d8fd0 13839       3       org.gradle.internal.component.model.DefaultComponentGraphResolveState$DefaultVariantArtifactResolveState$$Lambda$1209/0x00000168cf7e1c50::<init> (10 bytes)
Event: 5904.841 Thread 0x00000168cd4d8fd0 nmethod 13839 0x00000168bbcabc10 code [0x00000168bbcabda0, 0x00000168bbcabf58]
Event: 5904.841 Thread 0x00000168cd4d8fd0 13840       3       org.gradle.internal.component.model.DefaultComponentGraphResolveState$DefaultVariantArtifactResolveState$$Lambda$1211/0x00000168cf7e2340::<init> (10 bytes)
Event: 5904.841 Thread 0x00000168cd4d8fd0 nmethod 13840 0x00000168bbcac010 code [0x00000168bbcac1a0, 0x00000168bbcac358]
Event: 5904.841 Thread 0x00000168cd4d8fd0 13842       3       org.gradle.internal.component.model.DefaultComponentGraphResolveState$DefaultVariantArtifactResolveState::resolveArtifacts (30 bytes)
Event: 5904.842 Thread 0x00000168cd4d8fd0 nmethod 13842 0x00000168bbcac410 code [0x00000168bbcac620, 0x00000168bbcacd78]
Event: 5904.842 Thread 0x00000168cd4d8fd0 13844   !   3       java.lang.ThreadGroup::add (110 bytes)
Event: 5904.842 Thread 0x00000168cd4d8fd0 nmethod 13844 0x00000168bbcad090 code [0x00000168bbcad2a0, 0x00000168bbcadaf8]
Event: 5904.843 Thread 0x00000168e8e07aa0 nmethod 13792 0x00000168c272dd10 code [0x00000168c272dec0, 0x00000168c272e538]
Event: 5904.843 Thread 0x00000168e8e07aa0 13835       4       org.gradle.api.internal.artifacts.ivyservice.resolveengine.graph.builder.ModuleResolveState::isVirtualPlatform (28 bytes)
Event: 5904.843 Thread 0x00000168e8e07aa0 nmethod 13835 0x00000168c272e890 code [0x00000168c272ea00, 0x00000168c272ea98]
Event: 5904.844 Thread 0x00000168cd4d5020 nmethod 13843 0x00000168c272eb90 code [0x00000168c272ed60, 0x00000168c272f218]

GC Heap History (20 events):
Event: 3.073 GC heap before
{Heap before GC invocations=2 (full 0):
 garbage-first heap   total 262144K, used 127627K [0x00000000e0000000, 0x0000000100000000)
  region size 1024K, 115 young (117760K), 2 survivors (2048K)
 Metaspace       used 21243K, committed 21504K, reserved 393216K
  class space    used 3170K, committed 3328K, reserved 327680K
}
Event: 3.081 GC heap after
{Heap after GC invocations=3 (full 0):
 garbage-first heap   total 262144K, used 22205K [0x00000000e0000000, 0x0000000100000000)
  region size 1024K, 12 young (12288K), 12 survivors (12288K)
 Metaspace       used 21243K, committed 21504K, reserved 393216K
  class space    used 3170K, committed 3328K, reserved 327680K
}
Event: 4.594 GC heap before
{Heap before GC invocations=4 (full 0):
 garbage-first heap   total 262144K, used 144061K [0x00000000e0000000, 0x0000000100000000)
  region size 1024K, 126 young (129024K), 12 survivors (12288K)
 Metaspace       used 35704K, committed 36096K, reserved 393216K
  class space    used 4911K, committed 5120K, reserved 327680K
}
Event: 4.604 GC heap after
{Heap after GC invocations=5 (full 0):
 garbage-first heap   total 262144K, used 31016K [0x00000000e0000000, 0x0000000100000000)
  region size 1024K, 9 young (9216K), 9 survivors (9216K)
 Metaspace       used 35704K, committed 36096K, reserved 393216K
  class space    used 4911K, committed 5120K, reserved 327680K
}
Event: 6.466 GC heap before
{Heap before GC invocations=6 (full 0):
 garbage-first heap   total 262144K, used 178472K [0x00000000e0000000, 0x0000000100000000)
  region size 1024K, 153 young (156672K), 9 survivors (9216K)
 Metaspace       used 50774K, committed 51264K, reserved 393216K
  class space    used 7158K, committed 7424K, reserved 327680K
}
Event: 6.479 GC heap after
{Heap after GC invocations=7 (full 0):
 garbage-first heap   total 262144K, used 40026K [0x00000000e0000000, 0x0000000100000000)
  region size 1024K, 18 young (18432K), 18 survivors (18432K)
 Metaspace       used 50774K, committed 51264K, reserved 393216K
  class space    used 7158K, committed 7424K, reserved 327680K
}
Event: 6.493 GC heap before
{Heap before GC invocations=7 (full 0):
 garbage-first heap   total 262144K, used 40026K [0x00000000e0000000, 0x0000000100000000)
  region size 1024K, 19 young (19456K), 18 survivors (18432K)
 Metaspace       used 50868K, committed 51328K, reserved 393216K
  class space    used 7176K, committed 7424K, reserved 327680K
}
Event: 6.505 GC heap after
{Heap after GC invocations=8 (full 0):
 garbage-first heap   total 262144K, used 41996K [0x00000000e0000000, 0x0000000100000000)
  region size 1024K, 3 young (3072K), 3 survivors (3072K)
 Metaspace       used 50868K, committed 51328K, reserved 393216K
  class space    used 7176K, committed 7424K, reserved 327680K
}
Event: 7.577 GC heap before
{Heap before GC invocations=8 (full 0):
 garbage-first heap   total 262144K, used 115724K [0x00000000e0000000, 0x0000000100000000)
  region size 1024K, 77 young (78848K), 3 survivors (3072K)
 Metaspace       used 59916K, committed 60416K, reserved 393216K
  class space    used 8538K, committed 8768K, reserved 327680K
}
Event: 7.585 GC heap after
{Heap after GC invocations=9 (full 0):
 garbage-first heap   total 262144K, used 46357K [0x00000000e0000000, 0x0000000100000000)
  region size 1024K, 7 young (7168K), 7 survivors (7168K)
 Metaspace       used 59916K, committed 60416K, reserved 393216K
  class space    used 8538K, committed 8768K, reserved 327680K
}
Event: 4432.884 GC heap before
{Heap before GC invocations=10 (full 0):
 garbage-first heap   total 262144K, used 195861K [0x00000000e0000000, 0x0000000100000000)
  region size 1024K, 153 young (156672K), 7 survivors (7168K)
 Metaspace       used 66034K, committed 66688K, reserved 393216K
  class space    used 9246K, committed 9600K, reserved 327680K
}
Event: 4432.892 GC heap after
{Heap after GC invocations=11 (full 0):
 garbage-first heap   total 262144K, used 48660K [0x00000000e0000000, 0x0000000100000000)
  region size 1024K, 10 young (10240K), 10 survivors (10240K)
 Metaspace       used 66034K, committed 66688K, reserved 393216K
  class space    used 9246K, committed 9600K, reserved 327680K
}
Event: 4803.304 GC heap before
{Heap before GC invocations=12 (full 0):
 garbage-first heap   total 262144K, used 194068K [0x00000000e0000000, 0x0000000100000000)
  region size 1024K, 153 young (156672K), 10 survivors (10240K)
 Metaspace       used 68064K, committed 68736K, reserved 393216K
  class space    used 9345K, committed 9664K, reserved 327680K
}
Event: 4803.321 GC heap after
{Heap after GC invocations=13 (full 0):
 garbage-first heap   total 262144K, used 50665K [0x00000000e0000000, 0x0000000100000000)
  region size 1024K, 12 young (12288K), 12 survivors (12288K)
 Metaspace       used 68064K, committed 68736K, reserved 393216K
  class space    used 9345K, committed 9664K, reserved 327680K
}
Event: 4803.324 GC heap before
{Heap before GC invocations=13 (full 0):
 garbage-first heap   total 262144K, used 51689K [0x00000000e0000000, 0x0000000100000000)
  region size 1024K, 13 young (13312K), 12 survivors (12288K)
 Metaspace       used 68064K, committed 68736K, reserved 393216K
  class space    used 9345K, committed 9664K, reserved 327680K
}
Event: 4803.341 GC heap after
{Heap after GC invocations=14 (full 0):
 garbage-first heap   total 262144K, used 47879K [0x00000000e0000000, 0x0000000100000000)
  region size 1024K, 1 young (1024K), 1 survivors (1024K)
 Metaspace       used 68064K, committed 68736K, reserved 393216K
  class space    used 9345K, committed 9664K, reserved 327680K
}
Event: 5516.756 GC heap before
{Heap before GC invocations=14 (full 0):
 garbage-first heap   total 262144K, used 202503K [0x00000000e0000000, 0x0000000100000000)
  region size 1024K, 153 young (156672K), 1 survivors (1024K)
 Metaspace       used 68885K, committed 69504K, reserved 393216K
  class space    used 9365K, committed 9664K, reserved 327680K
}
Event: 5516.761 GC heap after
{Heap after GC invocations=15 (full 0):
 garbage-first heap   total 262144K, used 53144K [0x00000000e0000000, 0x0000000100000000)
  region size 1024K, 7 young (7168K), 7 survivors (7168K)
 Metaspace       used 68885K, committed 69504K, reserved 393216K
  class space    used 9365K, committed 9664K, reserved 327680K
}
Event: 5815.822 GC heap before
{Heap before GC invocations=15 (full 0):
 garbage-first heap   total 262144K, used 201624K [0x00000000e0000000, 0x0000000100000000)
  region size 1024K, 153 young (156672K), 7 survivors (7168K)
 Metaspace       used 69474K, committed 70144K, reserved 393216K
  class space    used 9383K, committed 9728K, reserved 327680K
}
Event: 5815.830 GC heap after
{Heap after GC invocations=16 (full 0):
 garbage-first heap   total 262144K, used 59969K [0x00000000e0000000, 0x0000000100000000)
  region size 1024K, 13 young (13312K), 13 survivors (13312K)
 Metaspace       used 69474K, committed 70144K, reserved 393216K
  class space    used 9383K, committed 9728K, reserved 327680K
}

Deoptimization events (20 events):
Event: 5815.830 Thread 0x00000168ea5acf60 DEOPT PACKING pc=0x00000168c2309720 sp=0x0000004926ef8da0
Event: 5815.831 Thread 0x00000168ea5acf60 DEOPT UNPACKING pc=0x00000168c1a023a3 sp=0x0000004926ef8d48 mode 2
Event: 5901.711 Thread 0x00000168ec266de0 Uncommon trap: trap_request=0xffffff45 fr.pc=0x00000168c2390ed4 relative=0x0000000000000694
Event: 5901.711 Thread 0x00000168ec266de0 Uncommon trap: reason=unstable_if action=reinterpret pc=0x00000168c2390ed4 method=java.lang.ThreadLocal$ThreadLocalMap.set(Ljava/lang/ThreadLocal;Ljava/lang/Object;)V @ 53 c2
Event: 5901.711 Thread 0x00000168ec266de0 DEOPT PACKING pc=0x00000168c2390ed4 sp=0x0000004924ffc3c0
Event: 5901.711 Thread 0x00000168ec266de0 DEOPT UNPACKING pc=0x00000168c1a023a3 sp=0x0000004924ffc300 mode 2
Event: 5904.515 Thread 0x00000168ec2663c0 Uncommon trap: trap_request=0xffffffde fr.pc=0x00000168c24ad3cc relative=0x00000000000029ec
Event: 5904.515 Thread 0x00000168ec2663c0 Uncommon trap: reason=class_check action=maybe_recompile pc=0x00000168c24ad3cc method=org.gradle.api.internal.tasks.compile.incremental.compilerapi.deps.DependentSetSerializer.read(Lorg/gradle/internal/serialize/Decoder;)Lorg/gradle/api/internal/tasks/com
Event: 5904.515 Thread 0x00000168ec2663c0 DEOPT PACKING pc=0x00000168c24ad3cc sp=0x0000004926efa870
Event: 5904.515 Thread 0x00000168ec2663c0 DEOPT UNPACKING pc=0x00000168c1a023a3 sp=0x0000004926efa838 mode 2
Event: 5904.648 Thread 0x00000168ec2663c0 DEOPT PACKING pc=0x00000168bafda029 sp=0x0000004926ef8dc0
Event: 5904.648 Thread 0x00000168ec2663c0 DEOPT UNPACKING pc=0x00000168c1a02b43 sp=0x0000004926ef8328 mode 0
Event: 5904.716 Thread 0x00000168ec2663c0 Uncommon trap: trap_request=0xffffff45 fr.pc=0x00000168c21a60c8 relative=0x0000000000000b48
Event: 5904.716 Thread 0x00000168ec2663c0 Uncommon trap: reason=unstable_if action=reinterpret pc=0x00000168c21a60c8 method=java.util.HashMap.computeIfAbsent(Ljava/lang/Object;Ljava/util/function/Function;)Ljava/lang/Object; @ 294 c2
Event: 5904.716 Thread 0x00000168ec2663c0 DEOPT PACKING pc=0x00000168c21a60c8 sp=0x0000004926ef9250
Event: 5904.716 Thread 0x00000168ec2663c0 DEOPT UNPACKING pc=0x00000168c1a023a3 sp=0x0000004926ef9200 mode 2
Event: 5904.769 Thread 0x00000168ec2663c0 Uncommon trap: trap_request=0xffffff45 fr.pc=0x00000168c24d1400 relative=0x0000000000000160
Event: 5904.769 Thread 0x00000168ec2663c0 Uncommon trap: reason=unstable_if action=reinterpret pc=0x00000168c24d1400 method=com.sun.tools.javac.util.IntHashTable.lookup(Ljava/lang/Object;)I @ 73 c2
Event: 5904.769 Thread 0x00000168ec2663c0 DEOPT PACKING pc=0x00000168c24d1400 sp=0x0000004926ef9ce0
Event: 5904.769 Thread 0x00000168ec2663c0 DEOPT UNPACKING pc=0x00000168c1a023a3 sp=0x0000004926ef9c58 mode 2

Classes unloaded (20 events):
Event: 4432.936 Thread 0x00000168cd4ad7a0 Unloading class 0x00000168cf1c8400 'java/lang/invoke/LambdaForm$BMH+0x00000168cf1c8400'
Event: 4432.936 Thread 0x00000168cd4ad7a0 Unloading class 0x00000168cf140000 'java/lang/invoke/LambdaForm$DMH+0x00000168cf140000'
Event: 4432.936 Thread 0x00000168cd4ad7a0 Unloading class 0x00000168cf0f1c00 'java/lang/invoke/LambdaForm$DMH+0x00000168cf0f1c00'
Event: 4432.936 Thread 0x00000168cd4ad7a0 Unloading class 0x00000168cf0f1800 'java/lang/invoke/LambdaForm$MH+0x00000168cf0f1800'
Event: 4432.936 Thread 0x00000168cd4ad7a0 Unloading class 0x00000168cf0f1400 'java/lang/invoke/LambdaForm$MH+0x00000168cf0f1400'
Event: 4432.936 Thread 0x00000168cd4ad7a0 Unloading class 0x00000168cf0f1000 'java/lang/invoke/LambdaForm$MH+0x00000168cf0f1000'
Event: 4432.936 Thread 0x00000168cd4ad7a0 Unloading class 0x00000168cf0f0c00 'java/lang/invoke/LambdaForm$MH+0x00000168cf0f0c00'
Event: 4432.936 Thread 0x00000168cd4ad7a0 Unloading class 0x00000168cf0f0800 'java/lang/invoke/LambdaForm$MH+0x00000168cf0f0800'
Event: 4432.936 Thread 0x00000168cd4ad7a0 Unloading class 0x00000168cf0f0400 'java/lang/invoke/LambdaForm$MH+0x00000168cf0f0400'
Event: 4432.936 Thread 0x00000168cd4ad7a0 Unloading class 0x00000168cf0f0000 'java/lang/invoke/LambdaForm$MH+0x00000168cf0f0000'
Event: 4432.936 Thread 0x00000168cd4ad7a0 Unloading class 0x00000168cf0cb000 'java/lang/invoke/LambdaForm$MH+0x00000168cf0cb000'
Event: 4432.936 Thread 0x00000168cd4ad7a0 Unloading class 0x00000168cf0ca800 'java/lang/invoke/LambdaForm$MH+0x00000168cf0ca800'
Event: 4432.936 Thread 0x00000168cd4ad7a0 Unloading class 0x00000168cf0ca400 'java/lang/invoke/LambdaForm$MH+0x00000168cf0ca400'
Event: 4432.936 Thread 0x00000168cd4ad7a0 Unloading class 0x00000168cf0ca000 'java/lang/invoke/LambdaForm$MH+0x00000168cf0ca000'
Event: 4432.936 Thread 0x00000168cd4ad7a0 Unloading class 0x00000168cf0c9c00 'java/lang/invoke/LambdaForm$MH+0x00000168cf0c9c00'
Event: 4432.936 Thread 0x00000168cd4ad7a0 Unloading class 0x00000168cf0c9400 'java/lang/invoke/LambdaForm$MH+0x00000168cf0c9400'
Event: 4432.936 Thread 0x00000168cd4ad7a0 Unloading class 0x00000168cf02ac00 'java/lang/invoke/LambdaForm$MH+0x00000168cf02ac00'
Event: 4432.936 Thread 0x00000168cd4ad7a0 Unloading class 0x00000168cf02a800 'java/lang/invoke/LambdaForm$MH+0x00000168cf02a800'
Event: 4432.936 Thread 0x00000168cd4ad7a0 Unloading class 0x00000168cf02a000 'java/lang/invoke/LambdaForm$MH+0x00000168cf02a000'
Event: 4432.936 Thread 0x00000168cd4ad7a0 Unloading class 0x00000168cf028400 'java/lang/invoke/LambdaForm$MH+0x00000168cf028400'

Classes redefined (0 events):
No events

Internal exceptions (20 events):
Event: 5904.693 Thread 0x00000168ec2663c0 Exception <a 'sun/nio/fs/WindowsException'{0x00000000ec4c7a00}> (0x00000000ec4c7a00) 
thrown [s\open\src\hotspot\share\prims\jni.cpp, line 516]
Event: 5904.694 Thread 0x00000168ec2663c0 Exception <a 'sun/nio/fs/WindowsException'{0x00000000ec4d9b50}> (0x00000000ec4d9b50) 
thrown [s\open\src\hotspot\share\prims\jni.cpp, line 516]
Event: 5904.696 Thread 0x00000168ec2663c0 Exception <a 'sun/nio/fs/WindowsException'{0x00000000ec4f18e0}> (0x00000000ec4f18e0) 
thrown [s\open\src\hotspot\share\prims\jni.cpp, line 516]
Event: 5904.698 Thread 0x00000168ec2663c0 Exception <a 'sun/nio/fs/WindowsException'{0x00000000ec4f9578}> (0x00000000ec4f9578) 
thrown [s\open\src\hotspot\share\prims\jni.cpp, line 516]
Event: 5904.701 Thread 0x00000168ec2663c0 Exception <a 'sun/nio/fs/WindowsException'{0x00000000ec30dc38}> (0x00000000ec30dc38) 
thrown [s\open\src\hotspot\share\prims\jni.cpp, line 516]
Event: 5904.703 Thread 0x00000168ec2663c0 Exception <a 'sun/nio/fs/WindowsException'{0x00000000ec31af88}> (0x00000000ec31af88) 
thrown [s\open\src\hotspot\share\prims\jni.cpp, line 516]
Event: 5904.704 Thread 0x00000168ec2663c0 Exception <a 'sun/nio/fs/WindowsException'{0x00000000ec328c50}> (0x00000000ec328c50) 
thrown [s\open\src\hotspot\share\prims\jni.cpp, line 516]
Event: 5904.706 Thread 0x00000168ec2663c0 Exception <a 'sun/nio/fs/WindowsException'{0x00000000ec33fcf8}> (0x00000000ec33fcf8) 
thrown [s\open\src\hotspot\share\prims\jni.cpp, line 516]
Event: 5904.706 Thread 0x00000168ec2663c0 Exception <a 'sun/nio/fs/WindowsException'{0x00000000ec33ffa8}> (0x00000000ec33ffa8) 
thrown [s\open\src\hotspot\share\prims\jni.cpp, line 516]
Event: 5904.720 Thread 0x00000168ec2663c0 Exception <a 'sun/nio/fs/WindowsException'{0x00000000ebc460c8}> (0x00000000ebc460c8) 
thrown [s\open\src\hotspot\share\prims\jni.cpp, line 516]
Event: 5904.720 Thread 0x00000168ec2663c0 Exception <a 'sun/nio/fs/WindowsException'{0x00000000ebc46368}> (0x00000000ebc46368) 
thrown [s\open\src\hotspot\share\prims\jni.cpp, line 516]
Event: 5904.720 Thread 0x00000168ec2663c0 Exception <a 'sun/nio/fs/WindowsException'{0x00000000ebc4b878}> (0x00000000ebc4b878) 
thrown [s\open\src\hotspot\share\prims\jni.cpp, line 516]
Event: 5904.720 Thread 0x00000168ec2663c0 Exception <a 'sun/nio/fs/WindowsException'{0x00000000ebc4bb48}> (0x00000000ebc4bb48) 
thrown [s\open\src\hotspot\share\prims\jni.cpp, line 516]
Event: 5904.731 Thread 0x00000168ec2663c0 Exception <a 'sun/nio/fs/WindowsException'{0x00000000eba05c60}> (0x00000000eba05c60) 
thrown [s\open\src\hotspot\share\prims\jni.cpp, line 516]
Event: 5904.731 Thread 0x00000168ec2663c0 Exception <a 'sun/nio/fs/WindowsException'{0x00000000eba05fd8}> (0x00000000eba05fd8) 
thrown [s\open\src\hotspot\share\prims\jni.cpp, line 516]
Event: 5904.751 Thread 0x00000168ec2663c0 Exception <a 'sun/nio/fs/WindowsException'{0x00000000eb68f2e8}> (0x00000000eb68f2e8) 
thrown [s\open\src\hotspot\share\prims\jni.cpp, line 516]
Event: 5904.751 Thread 0x00000168ec2663c0 Exception <a 'sun/nio/fs/WindowsException'{0x00000000eb68f618}> (0x00000000eb68f618) 
thrown [s\open\src\hotspot\share\prims\jni.cpp, line 516]
Event: 5904.762 Thread 0x00000168ec2663c0 Exception <a 'sun/nio/fs/WindowsException'{0x00000000eb592130}> (0x00000000eb592130) 
thrown [s\open\src\hotspot\share\prims\jni.cpp, line 516]
Event: 5904.770 Thread 0x00000168ec2663c0 Exception <a 'sun/nio/fs/WindowsException'{0x00000000eb5da618}> (0x00000000eb5da618) 
thrown [s\open\src\hotspot\share\prims\jni.cpp, line 516]
Event: 5904.813 Thread 0x00000168ec2663c0 Exception <a 'sun/nio/fs/WindowsException'{0x00000000eb2bbcd8}> (0x00000000eb2bbcd8) 
thrown [s\open\src\hotspot\share\prims\jni.cpp, line 516]

VM Operations (20 events):
Event: 5516.972 Executing VM operation: ICBufferFull
Event: 5516.972 Executing VM operation: ICBufferFull done
Event: 5517.977 Executing VM operation: Cleanup
Event: 5517.977 Executing VM operation: Cleanup done
Event: 5786.970 Executing VM operation: Cleanup
Event: 5786.970 Executing VM operation: Cleanup done
Event: 5789.983 Executing VM operation: Cleanup
Event: 5789.983 Executing VM operation: Cleanup done
Event: 5790.985 Executing VM operation: Cleanup
Event: 5790.986 Executing VM operation: Cleanup done
Event: 5814.079 Executing VM operation: Cleanup
Event: 5814.079 Executing VM operation: Cleanup done
Event: 5815.822 Executing VM operation: G1CollectForAllocation
Event: 5815.830 Executing VM operation: G1CollectForAllocation done
Event: 5817.833 Executing VM operation: Cleanup
Event: 5817.833 Executing VM operation: Cleanup done
Event: 5902.231 Executing VM operation: Cleanup
Event: 5902.231 Executing VM operation: Cleanup done
Event: 5904.728 Executing VM operation: ICBufferFull
Event: 5904.728 Executing VM operation: ICBufferFull done

Events (20 events):
Event: 5904.450 Thread 0x00000168ec2659a0 Thread added: 0x00000168ec2659a0
Event: 5904.450 Thread 0x00000168ec774570 Thread added: 0x00000168ec774570
Event: 5904.452 Thread 0x00000168ec776df0 Thread added: 0x00000168ec776df0
Event: 5904.496 Thread 0x00000168ec777810 Thread added: 0x00000168ec777810
Event: 5904.496 Thread 0x00000168ec774a80 Thread added: 0x00000168ec774a80
Event: 5904.496 Thread 0x00000168ec7754a0 Thread added: 0x00000168ec7754a0
Event: 5904.497 Thread 0x00000168ec774f90 Thread added: 0x00000168ec774f90
Event: 5904.497 Thread 0x00000168ec775ec0 Thread added: 0x00000168ec775ec0
Event: 5904.497 Thread 0x00000168ec7759b0 Thread added: 0x00000168ec7759b0
Event: 5904.497 Thread 0x00000168ea2159e0 Thread added: 0x00000168ea2159e0
Event: 5904.515 Thread 0x00000168ea216910 Thread added: 0x00000168ea216910
Event: 5904.515 Thread 0x00000168ea219190 Thread added: 0x00000168ea219190
Event: 5904.515 Thread 0x00000168ea215ef0 Thread added: 0x00000168ea215ef0
Event: 5904.515 Thread 0x00000168ea217d50 Thread added: 0x00000168ea217d50
Event: 5904.516 Thread 0x00000168ea216e20 Thread added: 0x00000168ea216e20
Event: 5904.516 Thread 0x00000168ea217840 Thread added: 0x00000168ea217840
Event: 5904.516 Thread 0x00000168e8b4f1d0 Thread added: 0x00000168e8b4f1d0
Event: 5904.758 Thread 0x00000168e8e07000 Thread added: 0x00000168e8e07000
Event: 5904.835 Thread 0x00000168e851b0b0 Thread added: 0x00000168e851b0b0
Event: 5904.842 Thread 0x00000168eb32bda0 Thread added: 0x00000168eb32bda0


Dynamic libraries:
0x00007ff7b0ef0000 - 0x00007ff7b0f00000 	C:\Program Files\Java\jdk-17\bin\java.exe
0x00007ffd63730000 - 0x00007ffd63947000 	C:\Windows\SYSTEM32\ntdll.dll
0x00007ffd619c0000 - 0x00007ffd61a84000 	C:\Windows\System32\KERNEL32.DLL
0x00007ffd60f90000 - 0x00007ffd61336000 	C:\Windows\System32\KERNELBASE.dll
0x00007ffd61340000 - 0x00007ffd61451000 	C:\Windows\System32\ucrtbase.dll
0x00007ffd585a0000 - 0x00007ffd585b9000 	C:\Program Files\Java\jdk-17\bin\jli.dll
0x00007ffd585c0000 - 0x00007ffd585db000 	C:\Program Files\Java\jdk-17\bin\VCRUNTIME140.dll
0x00007ffd61bf0000 - 0x00007ffd61ca0000 	C:\Windows\System32\ADVAPI32.dll
0x00007ffd62dd0000 - 0x00007ffd62e77000 	C:\Windows\System32\msvcrt.dll
0x00007ffd62d10000 - 0x00007ffd62db6000 	C:\Windows\System32\sechost.dll
0x00007ffd63030000 - 0x00007ffd63147000 	C:\Windows\System32\RPCRT4.dll
0x00007ffd62e80000 - 0x00007ffd6302d000 	C:\Windows\System32\USER32.dll
0x00007ffd61460000 - 0x00007ffd61486000 	C:\Windows\System32\win32u.dll
0x00007ffd3f810000 - 0x00007ffd3faa3000 	C:\Windows\WinSxS\amd64_microsoft.windows.common-controls_6595b64144ccf1df_6.0.22621.2361_none_2712ced57382f843\COMCTL32.dll
0x00007ffd61ca0000 - 0x00007ffd61cc9000 	C:\Windows\System32\GDI32.dll
0x00007ffd60e70000 - 0x00007ffd60f88000 	C:\Windows\System32\gdi32full.dll
0x00007ffd60c60000 - 0x00007ffd60cfa000 	C:\Windows\System32\msvcp_win.dll
0x00007ffd55d50000 - 0x00007ffd55d5a000 	C:\Windows\SYSTEM32\VERSION.dll
0x00007ffd61490000 - 0x00007ffd614c1000 	C:\Windows\System32\IMM32.DLL
0x00007ffd57860000 - 0x00007ffd5786c000 	C:\Program Files\Java\jdk-17\bin\vcruntime140_1.dll
0x00007ffd47dd0000 - 0x00007ffd47e5e000 	C:\Program Files\Java\jdk-17\bin\msvcp140.dll
0x00007ffd0db80000 - 0x00007ffd0e761000 	C:\Program Files\Java\jdk-17\bin\server\jvm.dll
0x00007ffd62dc0000 - 0x00007ffd62dc8000 	C:\Windows\System32\PSAPI.DLL
0x00007ffd554f0000 - 0x00007ffd55524000 	C:\Windows\SYSTEM32\WINMM.dll
0x00007ffd46fd0000 - 0x00007ffd46fd9000 	C:\Windows\SYSTEM32\WSOCK32.dll
0x00007ffd61b10000 - 0x00007ffd61b81000 	C:\Windows\System32\WS2_32.dll
0x00007ffd5fa50000 - 0x00007ffd5fa68000 	C:\Windows\SYSTEM32\kernel.appcore.dll
0x00007ffd57850000 - 0x00007ffd5785a000 	C:\Program Files\Java\jdk-17\bin\jimage.dll
0x00007ffd5b360000 - 0x00007ffd5b58e000 	C:\Windows\SYSTEM32\DBGHELP.DLL
0x00007ffd63150000 - 0x00007ffd634da000 	C:\Windows\System32\combase.dll
0x00007ffd62210000 - 0x00007ffd622e7000 	C:\Windows\System32\OLEAUT32.dll
0x00007ffd429f0000 - 0x00007ffd42a22000 	C:\Windows\SYSTEM32\dbgcore.DLL
0x00007ffd60ab0000 - 0x00007ffd60b2a000 	C:\Windows\System32\bcryptPrimitives.dll
0x00007ffd57840000 - 0x00007ffd5784e000 	C:\Program Files\Java\jdk-17\bin\instrument.dll
0x00007ffd55810000 - 0x00007ffd55835000 	C:\Program Files\Java\jdk-17\bin\java.dll
0x00007ffd47cf0000 - 0x00007ffd47dc7000 	C:\Program Files\Java\jdk-17\bin\jsvml.dll
0x00007ffd62310000 - 0x00007ffd62b68000 	C:\Windows\System32\SHELL32.dll
0x00007ffd5e9c0000 - 0x00007ffd5f2b2000 	C:\Windows\SYSTEM32\windows.storage.dll
0x00007ffd5e880000 - 0x00007ffd5e9be000 	C:\Windows\SYSTEM32\wintypes.dll
0x00007ffd634e0000 - 0x00007ffd635d3000 	C:\Windows\System32\SHCORE.dll
0x00007ffd61b90000 - 0x00007ffd61bee000 	C:\Windows\System32\shlwapi.dll
0x00007ffd609e0000 - 0x00007ffd60a06000 	C:\Windows\SYSTEM32\profapi.dll
0x00007ffd566f0000 - 0x00007ffd56708000 	C:\Program Files\Java\jdk-17\bin\zip.dll
0x00007ffd56640000 - 0x00007ffd56659000 	C:\Program Files\Java\jdk-17\bin\net.dll
0x00007ffd542c0000 - 0x00007ffd543f7000 	C:\Windows\SYSTEM32\WINHTTP.dll
0x00007ffd5ff20000 - 0x00007ffd5ff89000 	C:\Windows\system32\mswsock.dll
0x00007ffd557f0000 - 0x00007ffd55806000 	C:\Program Files\Java\jdk-17\bin\nio.dll
0x00007ffd49870000 - 0x00007ffd49880000 	C:\Program Files\Java\jdk-17\bin\verify.dll
0x00007ffd585e0000 - 0x00007ffd58607000 	C:\gradle-8.4\native\68d5fa5c4cc2d200863cafc0d521ce42e7d3e7ee720ec0a83991735586a16f82\windows-amd64\native-platform.dll
0x00007ffd47ba0000 - 0x00007ffd47ce4000 	C:\gradle-8.4\native\e376f236ea51e6404a007f0833ffe2c6e607c4080706a723a18a27aeea778392\windows-amd64\native-platform-file-events.dll
0x00007ffd49860000 - 0x00007ffd4986a000 	C:\Program Files\Java\jdk-17\bin\management.dll
0x00007ffd49850000 - 0x00007ffd4985b000 	C:\Program Files\Java\jdk-17\bin\management_ext.dll
0x00007ffd60240000 - 0x00007ffd6025b000 	C:\Windows\SYSTEM32\CRYPTSP.dll
0x00007ffd5fa10000 - 0x00007ffd5fa45000 	C:\Windows\system32\rsaenh.dll
0x00007ffd5ffc0000 - 0x00007ffd5ffec000 	C:\Windows\SYSTEM32\USERENV.dll
0x00007ffd60380000 - 0x00007ffd603a8000 	C:\Windows\SYSTEM32\bcrypt.dll
0x00007ffd60220000 - 0x00007ffd6022c000 	C:\Windows\SYSTEM32\CRYPTBASE.dll
0x00007ffd5f560000 - 0x00007ffd5f58d000 	C:\Windows\SYSTEM32\IPHLPAPI.DLL
0x00007ffd62200000 - 0x00007ffd62209000 	C:\Windows\System32\NSI.dll
0x00007ffd544d0000 - 0x00007ffd544e9000 	C:\Windows\SYSTEM32\dhcpcsvc6.DLL
0x00007ffd544b0000 - 0x00007ffd544cf000 	C:\Windows\SYSTEM32\dhcpcsvc.DLL
0x00007ffd5f590000 - 0x00007ffd5f689000 	C:\Windows\SYSTEM32\DNSAPI.dll
0x00007ffd49840000 - 0x00007ffd4984e000 	C:\Program Files\Java\jdk-17\bin\sunmscapi.dll
0x00007ffd60d00000 - 0x00007ffd60e66000 	C:\Windows\System32\CRYPT32.dll
0x00007ffd60350000 - 0x00007ffd6037d000 	C:\Windows\SYSTEM32\ncrypt.dll
0x00007ffd60310000 - 0x00007ffd60347000 	C:\Windows\SYSTEM32\NTASN1.dll
0x00007ffd44dc0000 - 0x00007ffd44dc8000 	C:\Windows\system32\wshunix.dll

dbghelp: loaded successfully - version: 4.0.5 - missing functions: none
symbol engine: initialized successfully - sym options: 0x614 - pdb path: .;C:\Program Files\Java\jdk-17\bin;C:\Windows\SYSTEM32;C:\Windows\WinSxS\amd64_microsoft.windows.common-controls_6595b64144ccf1df_6.0.22621.2361_none_2712ced57382f843;C:\Program Files\Java\jdk-17\bin\server;C:\gradle-8.4\native\68d5fa5c4cc2d200863cafc0d521ce42e7d3e7ee720ec0a83991735586a16f82\windows-amd64;C:\gradle-8.4\native\e376f236ea51e6404a007f0833ffe2c6e607c4080706a723a18a27aeea778392\windows-amd64

VM Arguments:
jvm_args: --add-opens=java.base/java.util=ALL-UNNAMED --add-opens=java.base/java.lang=ALL-UNNAMED --add-opens=java.base/java.lang.invoke=ALL-UNNAMED --add-opens=java.prefs/java.util.prefs=ALL-UNNAMED --add-opens=java.base/java.nio.charset=ALL-UNNAMED --add-opens=java.base/java.net=ALL-UNNAMED --add-opens=java.base/java.util.concurrent.atomic=ALL-UNNAMED -XX:MaxMetaspaceSize=384m -XX:+HeapDumpOnOutOfMemoryError -Xms256m -Xmx512m -Dfile.encoding=windows-1252 -Duser.country=GB -Duser.language=en -Duser.variant -javaagent:C:\gradle-8.4\wrapper\dists\gradle-8.2-bin\bbg7u40eoinfdyxsxr3z4i7ta\gradle-8.2\lib\agents\gradle-instrumentation-agent-8.2.jar 
java_command: org.gradle.launcher.daemon.bootstrap.GradleDaemon 8.2
java_class_path (initial): C:\gradle-8.4\wrapper\dists\gradle-8.2-bin\bbg7u40eoinfdyxsxr3z4i7ta\gradle-8.2\lib\gradle-launcher-8.2.jar
Launcher Type: SUN_STANDARD

[Global flags]
     intx CICompilerCount                          = 4                                         {product} {ergonomic}
   size_t CompressedClassSpaceSize                 = 335544320                                 {product} {ergonomic}
     uint ConcGCThreads                            = 2                                         {product} {ergonomic}
     uint G1ConcRefinementThreads                  = 8                                         {product} {ergonomic}
   size_t G1HeapRegionSize                         = 1048576                                   {product} {ergonomic}
    uintx GCDrainStackTargetSize                   = 64                                        {product} {ergonomic}
     bool HeapDumpOnOutOfMemoryError               = true                                   {manageable} {command line}
   size_t InitialHeapSize                          = 268435456                                 {product} {command line}
   size_t MarkStackSize                            = 4194304                                   {product} {ergonomic}
   size_t MaxHeapSize                              = 536870912                                 {product} {command line}
   size_t MaxMetaspaceSize                         = 402653184                                 {product} {command line}
   size_t MaxNewSize                               = 321912832                                 {product} {ergonomic}
   size_t MinHeapDeltaBytes                        = 1048576                                   {product} {ergonomic}
   size_t MinHeapSize                              = 268435456                                 {product} {command line}
    uintx NonNMethodCodeHeapSize                   = 5839372                                {pd product} {ergonomic}
    uintx NonProfiledCodeHeapSize                  = 122909434                              {pd product} {ergonomic}
    uintx ProfiledCodeHeapSize                     = 122909434                              {pd product} {ergonomic}
    uintx ReservedCodeCacheSize                    = 251658240                              {pd product} {ergonomic}
     bool SegmentedCodeCache                       = true                                      {product} {ergonomic}
   size_t SoftMaxHeapSize                          = 536870912                              {manageable} {ergonomic}
     bool UseCompressedClassPointers               = true                           {product lp64_product} {ergonomic}
     bool UseCompressedOops                        = true                           {product lp64_product} {ergonomic}
     bool UseG1GC                                  = true                                      {product} {ergonomic}
     bool UseLargePagesIndividualAllocation        = false                                  {pd product} {ergonomic}

Logging:
Log output configuration:
 #0: stdout all=warning uptime,level,tags
 #1: stderr all=off uptime,level,tags

Environment Variables:
JAVA_HOME=C:\Program Files\Java\jdk-1.8
PATH=C:\Program Files\Common Files\Oracle\Java\javapath;C:\Program Files (x86)\Common Files\Oracle\Java\javapath;C:\Windows\system32;C:\Windows;C:\Windows\System32\Wbem;C:\Windows\System32\WindowsPowerShell\v1.0\;C:\Windows\System32\OpenSSH\;C:\Program Files\Cloudflare\Cloudflare WARP\;C:\Program Files\Java\jdk-1.8\bin;C:\Program Files\Git\cmd;C:\Program Files\CMake\bin;C:\MinGW\bin;C:\cygwin64\bin;C:\Users\robmo\AppData\Local\Microsoft\WindowsApps;
USERNAME=Goglotek
OS=Windows_NT
PROCESSOR_IDENTIFIER=Intel64 Family 6 Model 142 Stepping 10, GenuineIntel



---------------  S Y S T E M  ---------------

OS:
 Windows 11 , 64 bit Build 22621 (10.0.22621.2428)
OS uptime: 0 days 11:00 hours
Hyper-V role detected

CPU: total 8 (initial active 8) (4 cores per cpu, 2 threads per core) family 6 model 142 stepping 10 microcode 0xf0, cx8, cmov, fxsr, ht, mmx, 3dnowpref, sse, sse2, sse3, ssse3, sse4.1, sse4.2, popcnt, lzcnt, tsc, tscinvbit, avx, avx2, aes, erms, clmul, bmi1, bmi2, adx, fma, vzeroupper, clflush, clflushopt, hv

Memory: 4k page, system-wide physical 23987M (3483M free)
TotalPageFile size 23987M (AvailPageFile size 1M)
current process WorkingSet (physical memory assigned to process): 418M, peak: 453M
current process commit charge ("private bytes"): 532M, peak: 542M

vm_info: Java HotSpot(TM) 64-Bit Server VM (17.0.9+11-LTS-201) for windows-amd64 JRE (17.0.9+11-LTS-201), built on Oct 10 2023 23:16:06 by "mach5one" with MS VC++ 17.1 (VS2022)

END.
